{"level":"error","message":"Error calculating loan offer Клиент с данным паспортом уже существует","name":"ConflictError","service":"user-service","stack":"ConflictError: Клиент с данным паспортом уже существует\n    at Task.<anonymous> (file:///usr/src/app/src/service/application.service.ts:12:15)\n    at processTicksAndRejections (node:internal/process/task_queues:96:5)\n    at async addClientAndPassport (file:///usr/src/app/src/service/application.service.ts:9:20)\n    at async postApplication (file:///usr/src/app/src/controllers/application.controller.ts:14:26)","statusCode":409}
{"level":"error","message":"An error occurred while processing documents: No data returned from the query.","service":"user-service"}
{"level":"error","message":"Error occurred: \"employment.employmentStatus\" must be one of [UNEMPLOYED, SELF_EMPLOYED, BUSINESS_OWNER, EMPLOYED]","service":"user-service"}
{"level":"error","message":"Error occurred: \"employment.position\" must be one of [MID_MANAGER, TOP_MANAGER, WORKER, OWNER]","service":"user-service"}
{"level":"error","message":"Error occurred: \"employment.workExperienceTotal\" must be greater than or equal to 12","service":"user-service"}
{"level":"error","message":"Ошибка: TypeError: Cannot read properties of null (reading 'requestedAmount')","service":"user-service"}
{"level":"error","message":"Error occurred: Cannot read properties of null (reading 'requestedAmount')","service":"user-service"}
{"level":"error","message":"Error occurred: \"middleName\" length must be at least 2 characters long","service":"user-service"}
{"level":"error","message":"Error occurred: \"passportSeries\" length must be 4 characters long","service":"user-service"}
{"level":"error","message":"Error occurred: \"employment.employmentStatus\" must be one of [UNEMPLOYED, SELF_EMPLOYED, BUSINESS_OWNER, EMPLOYED]","service":"user-service"}
{"level":"error","message":"Error occurred: \"employment.position\" must be one of [MID_MANAGER, TOP_MANAGER, WORKER, OWNER]","service":"user-service"}
{"level":"error","message":"Error occurred: \"employment.workExperienceTotal\" must be greater than or equal to 12","service":"user-service"}
{"level":"error","message":"Ошибка: AxiosError: Request failed with status code 400","service":"user-service"}
{"level":"error","message":"Error occurred: Request failed with status code 400","service":"user-service"}
{"level":"error","message":"Ошибка: AxiosError: Request failed with status code 400","service":"user-service"}
{"level":"error","message":"Error occurred: Request failed with status code 400","service":"user-service"}
{"level":"error","message":"Ошибка: AxiosError: Request failed with status code 400","service":"user-service"}
{"level":"error","message":"Error occurred: Request failed with status code 400","service":"user-service"}
{"level":"error","message":"Error occurred: \"employment.employmentStatus\" must be one of [UNEMPLOYED, SELF_EMPLOYED, BUSINESS_OWNER, EMPLOYED]","service":"user-service"}
{"level":"error","message":"Ошибка: AxiosError: Request failed with status code 400","service":"user-service"}
{"level":"error","message":"Error occurred: Request failed with status code 400","service":"user-service"}
{"level":"error","message":"Ошибка: AxiosError: Request failed with status code 400","service":"user-service"}
{"level":"error","message":"Error occurred: Request failed with status code 400","service":"user-service"}
{"level":"error","message":"Ошибка: AxiosError: Request failed with status code 400","service":"user-service"}
{"level":"error","message":"Error occurred: Request failed with status code 400","service":"user-service"}
{"level":"error","message":"Ошибка: AxiosError: Request failed with status code 400","service":"user-service"}
{"level":"error","message":"Error occurred: Request failed with status code 400","service":"user-service"}
{"level":"error","message":"Ошибка: AxiosError: Request failed with status code 400","service":"user-service"}
{"level":"error","message":"Error occurred: Request failed with status code 400","service":"user-service"}
{"level":"error","message":"Ошибка: AxiosError: Request failed with status code 400","service":"user-service"}
{"level":"error","message":"Error occurred: Request failed with status code 400","service":"user-service"}
{"level":"error","message":"Ошибка: AxiosError: Request failed with status code 400","service":"user-service"}
{"level":"error","message":"Error occurred: Request failed with status code 400","service":"user-service"}
{"level":"error","message":"Ошибка: AxiosError: Request failed with status code 400","service":"user-service"}
{"level":"error","message":"Error occurred: Request failed with status code 400","service":"user-service"}
{"level":"error","message":"Error occurred: Request failed with status code 400","service":"user-service"}
{"code":"ERR_BAD_REQUEST","config":{"adapter":["xhr","http"],"data":"{\"amount\":50000,\"term\":24,\"firstName\":\"Johnatan\",\"lastName\":\"Doom\",\"middleName\":\"Mid\",\"birthdate\":\"1985-10-15T00:00:00.000Z\",\"passportSeries\":\"0001\",\"passportNumber\":\"456789\",\"gender\":\"MALE\",\"passportIssueDate\":\"2022-01-15\",\"passportIssueBranch\":\"New York Branch\",\"maritalStatus\":\"SINGLE\",\"dependentNumber\":2,\"employment\":{\"employmentStatus\":\"UNEMPLOYED\",\"employerINN\":\"123456789\",\"salary\":50000,\"position\":\"MID_MANAGER\",\"workExperienceTotal\":15,\"workExperienceCurrent\":3},\"account\":\"370998765313659809099867\",\"isInsuranceEnabled\":true,\"isSalaryClient\":false}","env":{"Blob":null},"headers":{"Accept":"application/json, text/plain, */*","Accept-Encoding":"gzip, compress, deflate, br","Content-Length":"559","Content-Type":"application/json","User-Agent":"axios/1.4.0"},"maxBodyLength":-1,"maxContentLength":-1,"method":"post","timeout":0,"transformRequest":[null],"transformResponse":[null],"transitional":{"clarifyTimeoutError":false,"forcedJSONParsing":true,"silentJSONParsing":true},"url":"http://api-conveyer:3001/conveyor/calculation","xsrfCookieName":"XSRF-TOKEN","xsrfHeaderName":"X-XSRF-TOKEN"},"message":"Request failed with status code 400","name":"AxiosError","stack":"AxiosError: Request failed with status code 400\n    at settle (file:///usr/src/app/node_modules/axios/lib/core/settle.js:19:12)\n    at IncomingMessage.handleStreamEnd (file:///usr/src/app/node_modules/axios/lib/adapters/http.js:570:11)\n    at IncomingMessage.emit (node:events:532:35)\n    at IncomingMessage.emit (node:domain:475:12)\n    at endReadableNT (node:internal/streams/readable:1346:12)\n    at processTicksAndRejections (node:internal/process/task_queues:83:21)","status":400}
{"level":"error","message":"Ошибка: AxiosError: Request failed with status code 400","service":"user-service"}
{"level":"error","message":"Error occurred: Request failed with status code 400","service":"user-service"}
{"code":"ERR_BAD_REQUEST","config":{"adapter":["xhr","http"],"data":"{\"amount\":50000,\"term\":24,\"firstName\":\"Johnatan\",\"lastName\":\"Doom\",\"middleName\":\"Mid\",\"birthdate\":\"1985-10-15T00:00:00.000Z\",\"passportSeries\":\"0001\",\"passportNumber\":\"456789\",\"gender\":\"MALE\",\"passportIssueDate\":\"2022-01-15\",\"passportIssueBranch\":\"New York Branch\",\"maritalStatus\":\"SINGLE\",\"dependentNumber\":2,\"employment\":{\"employmentStatus\":\"UNEMPLOYED\",\"employerINN\":\"123456789\",\"salary\":50000,\"position\":\"MID_MANAGER\",\"workExperienceTotal\":15,\"workExperienceCurrent\":3},\"account\":\"370998765313659809099867\",\"isInsuranceEnabled\":true,\"isSalaryClient\":false}","env":{"Blob":null},"headers":{"Accept":"application/json, text/plain, */*","Accept-Encoding":"gzip, compress, deflate, br","Content-Length":"559","Content-Type":"application/json","User-Agent":"axios/1.4.0"},"maxBodyLength":-1,"maxContentLength":-1,"method":"post","timeout":0,"transformRequest":[null],"transformResponse":[null],"transitional":{"clarifyTimeoutError":false,"forcedJSONParsing":true,"silentJSONParsing":true},"url":"http://api-conveyer:3001/conveyor/calculation","xsrfCookieName":"XSRF-TOKEN","xsrfHeaderName":"X-XSRF-TOKEN"},"message":"Request failed with status code 400","name":"AxiosError","stack":"AxiosError: Request failed with status code 400\n    at settle (file:///usr/src/app/node_modules/axios/lib/core/settle.js:19:12)\n    at IncomingMessage.handleStreamEnd (file:///usr/src/app/node_modules/axios/lib/adapters/http.js:570:11)\n    at IncomingMessage.emit (node:events:532:35)\n    at IncomingMessage.emit (node:domain:475:12)\n    at endReadableNT (node:internal/streams/readable:1346:12)\n    at processTicksAndRejections (node:internal/process/task_queues:83:21)","status":400}
{"level":"error","message":"Ошибка: AxiosError: Request failed with status code 400","service":"user-service"}
{"level":"error","message":"Error occurred: Request failed with status code 400","service":"user-service"}
{"code":"ERR_BAD_REQUEST","config":{"adapter":["xhr","http"],"data":"{\"amount\":50000,\"term\":24,\"firstName\":\"Johnatan\",\"lastName\":\"Doom\",\"middleName\":\"Mid\",\"birthdate\":\"1985-10-15T00:00:00.000Z\",\"passportSeries\":\"0001\",\"passportNumber\":\"456789\",\"gender\":\"MALE\",\"passportIssueDate\":\"2022-01-15\",\"passportIssueBranch\":\"New York Branch\",\"maritalStatus\":\"SINGLE\",\"dependentNumber\":2,\"employment\":{\"employmentStatus\":\"UNEMPLOYED\",\"employerINN\":\"123456789\",\"salary\":50000,\"position\":\"MID_MANAGER\",\"workExperienceTotal\":15,\"workExperienceCurrent\":3},\"account\":\"370998765313659809099867\",\"isInsuranceEnabled\":true,\"isSalaryClient\":false}","env":{"Blob":null},"headers":{"Accept":"application/json, text/plain, */*","Accept-Encoding":"gzip, compress, deflate, br","Content-Length":"559","Content-Type":"application/json","User-Agent":"axios/1.4.0"},"maxBodyLength":-1,"maxContentLength":-1,"method":"post","timeout":0,"transformRequest":[null],"transformResponse":[null],"transitional":{"clarifyTimeoutError":false,"forcedJSONParsing":true,"silentJSONParsing":true},"url":"http://api-conveyer:3001/conveyor/calculation","xsrfCookieName":"XSRF-TOKEN","xsrfHeaderName":"X-XSRF-TOKEN"},"message":"Request failed with status code 400","name":"AxiosError","stack":"AxiosError: Request failed with status code 400\n    at settle (file:///usr/src/app/node_modules/axios/lib/core/settle.js:19:12)\n    at IncomingMessage.handleStreamEnd (file:///usr/src/app/node_modules/axios/lib/adapters/http.js:570:11)\n    at IncomingMessage.emit (node:events:532:35)\n    at IncomingMessage.emit (node:domain:475:12)\n    at endReadableNT (node:internal/streams/readable:1346:12)\n    at processTicksAndRejections (node:internal/process/task_queues:83:21)","status":400}
{"level":"error","message":"Ошибка: AxiosError: Request failed with status code 400","service":"user-service"}
{"level":"error","message":"Error occurred: Request failed with status code 400","service":"user-service"}
{"level":"error","message":"Ошибка: AxiosError: Request failed with status code 400","service":"user-service"}
{"level":"error","message":"Error occurred: Request failed with status code 400","service":"user-service"}
{"level":"error","message":"Ошибка: AxiosError: Request failed with status code 400","service":"user-service"}
{"level":"error","message":"Error occurred: Request failed with status code 400","service":"user-service"}
{"level":"error","message":"Error sending code: Code must be a 6-digit string","service":"user-service"}
{"level":"error","message":"Error sending code: Code must be a 6-digit string","service":"user-service"}
{"level":"error","message":"Error sending code: Your code is incorrect.","service":"user-service"}
{"level":"error","message":"Error occurred: \"passportSeries\" length must be 4 characters long","service":"user-service"}
{"code":"23503","constraint":"fk_application_application_status","detail":"Key (status)=(PREAPPROVAL) is not present in table \"application_status\".","file":"ri_triggers.c","length":306,"level":"error","line":"2596","message":"Error calculating loan offer insert or update on table \"application\" violates foreign key constraint \"fk_application_application_status\"","name":"error","query":"INSERT INTO application(client_id, creation_date, status) VALUES(144, '2023-08-07T11:32:14.035+00:00', 'PREAPPROVAL') RETURNING application_id","routine":"ri_ReportViolation","schema":"public","service":"user-service","severity":"ERROR","stack":"error: insert or update on table \"application\" violates foreign key constraint \"fk_application_application_status\"\n    at Parser.parseErrorMessage (/usr/src/app/node_modules/pg-protocol/src/parser.ts:369:69)\n    at Parser.handlePacket (/usr/src/app/node_modules/pg-protocol/src/parser.ts:188:21)\n    at Parser.parse (/usr/src/app/node_modules/pg-protocol/src/parser.ts:103:30)\n    at Socket.<anonymous> (/usr/src/app/node_modules/pg-protocol/src/index.ts:7:48)\n    at Socket.emit (node:events:520:28)\n    at Socket.emit (node:domain:475:12)\n    at addChunk (node:internal/streams/readable:315:12)\n    at readableAddChunk (node:internal/streams/readable:289:9)\n    at Socket.Readable.push (node:internal/streams/readable:228:10)\n    at TCP.onStreamRead (node:internal/stream_base_commons:190:23)","table":"application"}
{"level":"error","message":"Error calculating loan offer Клиент с данным паспортом уже существует","name":"ConflictError","service":"user-service","stack":"ConflictError: Клиент с данным паспортом уже существует\n    at Task.<anonymous> (file:///usr/src/app/src/service/application.service.ts:12:15)\n    at processTicksAndRejections (node:internal/process/task_queues:96:5)\n    at async addClientAndPassport (file:///usr/src/app/src/service/application.service.ts:9:20)\n    at async postApplication (file:///usr/src/app/src/controllers/application.controller.ts:14:26)","statusCode":409}
{"level":"error","name":"ConflictError","service":"user-service","statusCode":409}
{"level":"error","message":"Error calculating loan offer Клиент с данным паспортом уже существует","name":"ConflictError","service":"user-service","stack":"ConflictError: Клиент с данным паспортом уже существует\n    at Task.<anonymous> (file:///usr/src/app/src/service/application.service.ts:13:15)\n    at processTicksAndRejections (node:internal/process/task_queues:96:5)\n    at async addClientAndPassport (file:///usr/src/app/src/service/application.service.ts:10:20)\n    at async postApplication (file:///usr/src/app/src/controllers/application.controller.ts:14:26)","statusCode":409}
{"code":"23505","constraint":"unique_status","detail":"Key (status)=(PREAPPROVAL) already exists.","file":"nbtinsert.c","length":206,"level":"error","line":"664","message":"Error calculating loan offer duplicate key value violates unique constraint \"unique_status\"","name":"error","query":"INSERT INTO application(client_id, creation_date, status) VALUES(146, '2023-08-07T11:37:14.027+00:00', 'PREAPPROVAL') RETURNING application_id","routine":"_bt_check_unique","schema":"public","service":"user-service","severity":"ERROR","stack":"error: duplicate key value violates unique constraint \"unique_status\"\n    at Parser.parseErrorMessage (/usr/src/app/node_modules/pg-protocol/src/parser.ts:369:69)\n    at Parser.handlePacket (/usr/src/app/node_modules/pg-protocol/src/parser.ts:188:21)\n    at Parser.parse (/usr/src/app/node_modules/pg-protocol/src/parser.ts:103:30)\n    at Socket.<anonymous> (/usr/src/app/node_modules/pg-protocol/src/index.ts:7:48)\n    at Socket.emit (node:events:520:28)\n    at Socket.emit (node:domain:475:12)\n    at addChunk (node:internal/streams/readable:315:12)\n    at readableAddChunk (node:internal/streams/readable:289:9)\n    at Socket.Readable.push (node:internal/streams/readable:228:10)\n    at TCP.onStreamRead (node:internal/stream_base_commons:190:23)","table":"application"}
{"level":"error","name":"ConflictError","service":"user-service","statusCode":409}
{"level":"error","message":"Error calculating loan offer Клиент с данным паспортом уже существует","name":"ConflictError","service":"user-service","stack":"ConflictError: Клиент с данным паспортом уже существует\n    at Task.<anonymous> (file:///usr/src/app/src/service/application.service.ts:13:15)\n    at processTicksAndRejections (node:internal/process/task_queues:96:5)\n    at async addClientAndPassport (file:///usr/src/app/src/service/application.service.ts:10:20)\n    at async postApplication (file:///usr/src/app/src/controllers/application.controller.ts:14:26)","statusCode":409}
{"level":"error","name":"ConflictError","service":"user-service","statusCode":409}
{"level":"error","message":"Error calculating loan offer Клиент с данным паспортом уже существует","name":"ConflictError","service":"user-service","stack":"ConflictError: Клиент с данным паспортом уже существует\n    at Task.<anonymous> (file:///usr/src/app/src/service/application.service.ts:13:15)\n    at processTicksAndRejections (node:internal/process/task_queues:96:5)\n    at async addClientAndPassport (file:///usr/src/app/src/service/application.service.ts:10:20)\n    at async postApplication (file:///usr/src/app/src/controllers/application.controller.ts:14:26)","statusCode":409}
{"code":"22P02","file":"enum.c","length":122,"level":"error","line":"128","message":"Error calculating loan offer invalid input value for enum application_status_enum: \"СС_DENIED\"","name":"error","position":"104","query":"INSERT INTO application(client_id, creation_date, status) VALUES(148, '2023-08-07T11:42:14.170+00:00', 'СС_DENIED') RETURNING application_id","routine":"enum_in","service":"user-service","severity":"ERROR","stack":"error: invalid input value for enum application_status_enum: \"СС_DENIED\"\n    at Parser.parseErrorMessage (/usr/src/app/node_modules/pg-protocol/src/parser.ts:369:69)\n    at Parser.handlePacket (/usr/src/app/node_modules/pg-protocol/src/parser.ts:188:21)\n    at Parser.parse (/usr/src/app/node_modules/pg-protocol/src/parser.ts:103:30)\n    at Socket.<anonymous> (/usr/src/app/node_modules/pg-protocol/src/index.ts:7:48)\n    at Socket.emit (node:events:520:28)\n    at Socket.emit (node:domain:475:12)\n    at addChunk (node:internal/streams/readable:315:12)\n    at readableAddChunk (node:internal/streams/readable:289:9)\n    at Socket.Readable.push (node:internal/streams/readable:228:10)\n    at TCP.onStreamRead (node:internal/stream_base_commons:190:23)"}
{"level":"error","name":"ConflictError","service":"user-service","statusCode":409}
{"level":"error","message":"Error calculating loan offer Клиент с данным паспортом уже существует","name":"ConflictError","service":"user-service","stack":"ConflictError: Клиент с данным паспортом уже существует\n    at Task.<anonymous> (file:///usr/src/app/src/service/application.service.ts:13:15)\n    at processTicksAndRejections (node:internal/process/task_queues:96:5)\n    at async addClientAndPassport (file:///usr/src/app/src/service/application.service.ts:10:20)\n    at async postApplication (file:///usr/src/app/src/controllers/application.controller.ts:14:26)","statusCode":409}
{"code":"23503","constraint":"fk_application_application_status","detail":"Key (status)=(CC_DENIED) is not present in table \"application_status\".","file":"ri_triggers.c","length":304,"level":"error","line":"2596","message":"Error calculating loan offer insert or update on table \"application\" violates foreign key constraint \"fk_application_application_status\"","name":"error","query":"INSERT INTO application(client_id, creation_date, status) VALUES(149, '2023-08-07T11:42:56.045+00:00', 'CC_DENIED') RETURNING application_id","routine":"ri_ReportViolation","schema":"public","service":"user-service","severity":"ERROR","stack":"error: insert or update on table \"application\" violates foreign key constraint \"fk_application_application_status\"\n    at Parser.parseErrorMessage (/usr/src/app/node_modules/pg-protocol/src/parser.ts:369:69)\n    at Parser.handlePacket (/usr/src/app/node_modules/pg-protocol/src/parser.ts:188:21)\n    at Parser.parse (/usr/src/app/node_modules/pg-protocol/src/parser.ts:103:30)\n    at Socket.<anonymous> (/usr/src/app/node_modules/pg-protocol/src/index.ts:7:48)\n    at Socket.emit (node:events:520:28)\n    at Socket.emit (node:domain:475:12)\n    at addChunk (node:internal/streams/readable:315:12)\n    at readableAddChunk (node:internal/streams/readable:289:9)\n    at Socket.Readable.push (node:internal/streams/readable:228:10)\n    at TCP.onStreamRead (node:internal/stream_base_commons:190:23)","table":"application"}
{"level":"error","name":"ConflictError","service":"user-service","statusCode":409}
{"level":"error","message":"Error calculating loan offer Клиент с данным паспортом уже существует","name":"ConflictError","service":"user-service","stack":"ConflictError: Клиент с данным паспортом уже существует\n    at Task.<anonymous> (file:///usr/src/app/src/service/application.service.ts:13:15)\n    at processTicksAndRejections (node:internal/process/task_queues:96:5)\n    at async addClientAndPassport (file:///usr/src/app/src/service/application.service.ts:10:20)\n    at async postApplication (file:///usr/src/app/src/controllers/application.controller.ts:14:26)","statusCode":409}
{"level":"error","message":"Error occurred: \"employment.position\" must be one of [MID_MANAGER, TOP_MANAGER, WORKER, OWNER]","service":"user-service"}
{"level":"error","message":"Error occurred: \"employment.workExperienceTotal\" must be greater than or equal to 12","service":"user-service"}
{"level":"error","message":"Ошибка: QueryResultError {\n    code: queryResultErrorCode.noData\n    message: \"No data returned from the query.\"\n    received: 0\n    query: \"SELECT id FROM employment_status WHERE employment_status = 'EMPLOYED'\"\n}","service":"user-service"}
{"level":"error","message":"Error occurred: No data returned from the query.","service":"user-service"}
{"level":"error","message":"Ошибка: QueryResultError {\n    code: queryResultErrorCode.noData\n    message: \"No data returned from the query.\"\n    received: 0\n    query: \"SELECT id FROM employment_status WHERE employment_status = 'EMPLOYED'\"\n}","service":"user-service"}
{"level":"error","message":"Error occurred: No data returned from the query.","service":"user-service"}
{"level":"error","message":"Ошибка: QueryResultError {\n    code: queryResultErrorCode.multiple\n    message: \"Multiple rows were not expected.\"\n    received: 2\n    query: \"SELECT id FROM employment_status WHERE employment_status = 'EMPLOYED'\"\n}","service":"user-service"}
{"level":"error","message":"Error occurred: Multiple rows were not expected.","service":"user-service"}
{"level":"error","message":"Ошибка: QueryResultError {\n    code: queryResultErrorCode.multiple\n    message: \"Multiple rows were not expected.\"\n    received: 2\n    query: \"SELECT id FROM employment_status WHERE employment_status = 'EMPLOYED'\"\n}","service":"user-service"}
{"level":"error","message":"Error occurred: Multiple rows were not expected.","service":"user-service"}
{"level":"error","message":"Ошибка: QueryResultError {\n    code: queryResultErrorCode.multiple\n    message: \"Multiple rows were not expected.\"\n    received: 2\n    query: \"SELECT id FROM employment_status WHERE employment_status = 'EMPLOYED'\"\n}","service":"user-service"}
{"level":"error","message":"Error occurred: Multiple rows were not expected.","service":"user-service"}
{"level":"error","message":"Ошибка: QueryResultError {\n    code: queryResultErrorCode.multiple\n    message: \"Multiple rows were not expected.\"\n    received: 2\n    query: \"SELECT id FROM employment_status WHERE employment_status = 'EMPLOYED'\"\n}","service":"user-service"}
{"level":"error","message":"Error occurred: Multiple rows were not expected.","service":"user-service"}
{"code":0,"level":"error","message":"Ошибка при сохранении истории статуса: No data returned from the query.","name":"QueryResultError","query":"SELECT id FROM change_type WHERE change_type = 'AUTOMATIC';","received":0,"result":{"RowCtor":null,"_parsers":[null],"_types":{"_types":{"arrayParser":{},"builtins":{"ABSTIME":702,"ACLITEM":1033,"BIT":1560,"BOOL":16,"BPCHAR":1042,"BYTEA":17,"CHAR":18,"CID":29,"CIDR":650,"CIRCLE":718,"DATE":1082,"FLOAT4":700,"FLOAT8":701,"GTSVECTOR":3642,"INET":869,"INT2":21,"INT4":23,"INT8":20,"INTERVAL":1186,"JSON":114,"JSONB":3802,"MACADDR":829,"MACADDR8":774,"MONEY":790,"NUMERIC":1700,"OID":26,"PATH":602,"PG_DEPENDENCIES":3402,"PG_LSN":3220,"PG_NDISTINCT":3361,"PG_NODE_TREE":194,"POLYGON":604,"REFCURSOR":1790,"REGCLASS":2205,"REGCONFIG":3734,"REGDICTIONARY":3769,"REGNAMESPACE":4089,"REGOPER":2203,"REGOPERATOR":2204,"REGPROC":24,"REGPROCEDURE":2202,"REGROLE":4096,"REGTYPE":2206,"RELTIME":703,"SMGR":210,"TEXT":25,"TID":27,"TIME":1083,"TIMESTAMP":1114,"TIMESTAMPTZ":1184,"TIMETZ":1266,"TINTERVAL":704,"TSQUERY":3615,"TSVECTOR":3614,"TXID_SNAPSHOT":2970,"UUID":2950,"VARBIT":1562,"VARCHAR":1043,"XID":28,"XML":142}},"binary":{},"text":{}},"command":"SELECT","duration":0,"fields":[{"columnID":1,"dataTypeID":23,"dataTypeModifier":-1,"dataTypeSize":4,"format":"text","name":"id","tableID":16434}],"oid":null,"rowAsArray":false,"rowCount":0,"rows":[]},"service":"user-service","stack":"QueryResultError: No data returned from the query.\n    at Query.<anonymous> (/usr/src/app/node_modules/pg-promise/lib/query.js:217:41)\n    at Query.handleReadyForQuery (/usr/src/app/node_modules/pg/lib/query.js:139:14)\n    at Client._handleReadyForQuery (/usr/src/app/node_modules/pg/lib/client.js:312:19)\n    at Connection.emit (node:events:520:28)\n    at Connection.emit (node:domain:475:12)\n    at /usr/src/app/node_modules/pg/lib/connection.js:117:12\n    at Parser.parse (/usr/src/app/node_modules/pg-protocol/src/parser.ts:104:9)\n    at Socket.<anonymous> (/usr/src/app/node_modules/pg-protocol/src/index.ts:7:48)\n    at Socket.emit (node:events:520:28)\n    at Socket.emit (node:domain:475:12)"}
{"level":"error","message":"Ошибка: QueryResultError {\n    code: queryResultErrorCode.noData\n    message: \"No data returned from the query.\"\n    received: 0\n    query: \"SELECT id FROM change_type WHERE change_type = 'AUTOMATIC';\"\n}","service":"user-service"}
{"level":"error","message":"Error occurred: No data returned from the query.","service":"user-service"}
{"level":"error","message":"Ошибка: QueryResultError {\n    code: queryResultErrorCode.multiple\n    message: \"Multiple rows were not expected.\"\n    received: 2\n    query: \"SELECT id FROM employment_status WHERE employment_status = 'EMPLOYED'\"\n}","service":"user-service"}
{"level":"error","message":"Error occurred: Multiple rows were not expected.","service":"user-service"}
{"level":"error","message":"Ошибка: TypeError: Cannot read properties of undefined (reading 'employmentStatus')","service":"user-service"}
{"level":"error","message":"Error occurred: Cannot read properties of undefined (reading 'employmentStatus')","service":"user-service"}
{"level":"error","message":"Ошибка: error: more than one row returned by a subquery used as an expression","service":"user-service"}
{"level":"error","message":"Error occurred: more than one row returned by a subquery used as an expression","service":"user-service"}
{"level":"error","message":"Ошибка: error: more than one row returned by a subquery used as an expression","service":"user-service"}
{"level":"error","message":"Error occurred: more than one row returned by a subquery used as an expression","service":"user-service"}
{"level":"error","message":"Ошибка: QueryResultError {\n    code: queryResultErrorCode.multiple\n    message: \"Multiple rows were not expected.\"\n    received: 2\n    query: \"SELECT id FROM employment_status WHERE employment_status = 'EMPLOYED'\"\n}","service":"user-service"}
{"level":"error","message":"Error occurred: Multiple rows were not expected.","service":"user-service"}
{"level":"error","message":"Ошибка: QueryResultError {\n    code: queryResultErrorCode.multiple\n    message: \"Multiple rows were not expected.\"\n    received: 2\n    query: \"SELECT id FROM employment_status WHERE employment_status = 'EMPLOYED'\"\n}","service":"user-service"}
{"level":"error","message":"Error occurred: Multiple rows were not expected.","service":"user-service"}
{"level":"error","message":"An error occurred: No data returned from the query.","service":"user-service"}
{"level":"error","message":"Ошибка: ResourceNotFoundError: An error occurred: No data returned from the query.","service":"user-service"}
{"level":"error","message":"Error occurred: An error occurred: No data returned from the query.","service":"user-service"}
{"level":"error","message":"Ошибка: error: duplicate key value violates unique constraint \"unique_status_id\"","service":"user-service"}
{"level":"error","message":"Error occurred: duplicate key value violates unique constraint \"unique_status_id\"","service":"user-service"}
{"level":"error","message":"Ошибка: error: duplicate key value violates unique constraint \"unique_status_id\"","service":"user-service"}
{"level":"error","message":"Error occurred: duplicate key value violates unique constraint \"unique_status_id\"","service":"user-service"}
{"level":"error","message":"Ошибка: error: duplicate key value violates unique constraint \"unique_status_id\"","service":"user-service"}
{"level":"error","message":"Error occurred: duplicate key value violates unique constraint \"unique_status_id\"","service":"user-service"}
{"level":"error","message":"An error occurred: No data returned from the query.","service":"user-service"}
{"level":"error","message":"Ошибка: ResourceNotFoundError: An error occurred: No data returned from the query.","service":"user-service"}
{"level":"error","message":"Error occurred: An error occurred: No data returned from the query.","service":"user-service"}
{"level":"error","message":"An error occurred: No data returned from the query.","service":"user-service"}
{"level":"error","message":"Ошибка: ResourceNotFoundError: An error occurred: No data returned from the query.","service":"user-service"}
{"level":"error","message":"Error occurred: An error occurred: No data returned from the query.","service":"user-service"}
{"level":"error","message":"An error occurred: No data returned from the query.","service":"user-service"}
{"level":"error","message":"Ошибка: ResourceNotFoundError: An error occurred: No data returned from the query.","service":"user-service"}
{"level":"error","message":"Error occurred: An error occurred: No data returned from the query.","service":"user-service"}
{"level":"error","message":"Error occurred: \"employment.workExperienceTotal\" must be greater than or equal to 12","service":"user-service"}
{"level":"error","message":"An error occurred: No data returned from the query.","service":"user-service"}
{"level":"error","message":"Ошибка: ResourceNotFoundError: An error occurred: No data returned from the query.","service":"user-service"}
{"level":"error","message":"Error occurred: An error occurred: No data returned from the query.","service":"user-service"}
{"level":"error","message":"An error occurred: No data returned from the query.","service":"user-service"}
{"level":"error","message":"Ошибка: ResourceNotFoundError: An error occurred: No data returned from the query.","service":"user-service"}
{"level":"error","message":"Error occurred: An error occurred: No data returned from the query.","service":"user-service"}
{"level":"error","message":"An error occurred: No data returned from the query.","service":"user-service"}
{"level":"error","message":"Ошибка: ResourceNotFoundError: An error occurred: No data returned from the query.","service":"user-service"}
{"level":"error","message":"Error occurred: An error occurred: No data returned from the query.","service":"user-service"}
{"level":"error","message":"An error occurred: No data returned from the query.","service":"user-service"}
{"level":"error","message":"Ошибка: ResourceNotFoundError: An error occurred: No data returned from the query.","service":"user-service"}
{"level":"error","message":"Error occurred: An error occurred: No data returned from the query.","service":"user-service"}
{"level":"error","message":"An error occurred: No data returned from the query.","service":"user-service"}
{"level":"error","message":"Ошибка: ResourceNotFoundError: An error occurred: No data returned from the query.","service":"user-service"}
{"level":"error","message":"Error occurred: An error occurred: No data returned from the query.","service":"user-service"}
{"level":"error","message":"An error occurred: No data returned from the query.","service":"user-service"}
{"level":"error","message":"Ошибка: ResourceNotFoundError: An error occurred: No data returned from the query.","service":"user-service"}
{"level":"error","message":"Error occurred: An error occurred: No data returned from the query.","service":"user-service"}
{"level":"error","message":"Ошибка: QueryResultError {\n    code: queryResultErrorCode.noData\n    message: \"No data returned from the query.\"\n    received: 0\n    query: \"SELECT id FROM employment_status WHERE employment_status = null\"\n}","service":"user-service"}
{"level":"error","message":"Error occurred: No data returned from the query.","service":"user-service"}
{"level":"error","message":"An error occurred: No data returned from the query.","service":"user-service"}
{"level":"error","message":"Ошибка: ResourceNotFoundError: An error occurred: No data returned from the query.","service":"user-service"}
{"level":"error","message":"Error occurred: An error occurred: No data returned from the query.","service":"user-service"}
{"level":"error","message":"An error occurred: No data returned from the query.","service":"user-service"}
{"level":"error","message":"Ошибка: ResourceNotFoundError: An error occurred: No data returned from the query.","service":"user-service"}
{"level":"error","message":"Error occurred: An error occurred: No data returned from the query.","service":"user-service"}
{"level":"error","message":"An error occurred: No data returned from the query.","service":"user-service"}
{"level":"error","message":"Ошибка: ResourceNotFoundError: An error occurred: No data returned from the query.","service":"user-service"}
{"level":"error","message":"Error occurred: An error occurred: No data returned from the query.","service":"user-service"}
{"level":"error","message":"An error occurred: No data returned from the query.","service":"user-service"}
{"level":"error","message":"Ошибка: ResourceNotFoundError: An error occurred: No data returned from the query.","service":"user-service"}
{"level":"error","message":"Error occurred: An error occurred: No data returned from the query.","service":"user-service"}
{"level":"error","message":"An error occurred: No data returned from the query.","service":"user-service"}
{"level":"error","message":"Ошибка: ResourceNotFoundError: An error occurred: No data returned from the query.","service":"user-service"}
{"level":"error","message":"Error occurred: An error occurred: No data returned from the query.","service":"user-service"}
{"level":"error","message":"An error occurred: No data returned from the query.","service":"user-service"}
{"level":"error","message":"Ошибка: ResourceNotFoundError: An error occurred: No data returned from the query.","service":"user-service"}
{"level":"error","message":"Error occurred: An error occurred: No data returned from the query.","service":"user-service"}
{"level":"error","message":"An error occurred: No data returned from the query.","service":"user-service"}
{"level":"error","message":"Ошибка: ResourceNotFoundError: An error occurred: No data returned from the query.","service":"user-service"}
{"level":"error","message":"Error occurred: An error occurred: No data returned from the query.","service":"user-service"}
{"level":"error","message":"An error occurred: No data returned from the query.","service":"user-service"}
{"level":"error","message":"Ошибка: ResourceNotFoundError: An error occurred: No data returned from the query.","service":"user-service"}
{"level":"error","message":"Error occurred: An error occurred: No data returned from the query.","service":"user-service"}
{"level":"error","message":"An error occurred: No data returned from the query.","service":"user-service"}
{"level":"error","message":"Ошибка: ResourceNotFoundError: An error occurred: No data returned from the query.","service":"user-service"}
{"level":"error","message":"Error occurred: An error occurred: No data returned from the query.","service":"user-service"}
{"level":"error","message":"An error occurred: No data returned from the query.","service":"user-service"}
{"level":"error","message":"Ошибка: ResourceNotFoundError: An error occurred: No data returned from the query.","service":"user-service"}
{"level":"error","message":"Error occurred: An error occurred: No data returned from the query.","service":"user-service"}
{"level":"error","message":"An error occurred: No data returned from the query.","service":"user-service"}
{"level":"error","message":"Ошибка: ResourceNotFoundError: An error occurred: No data returned from the query.","service":"user-service"}
{"level":"error","message":"Error occurred: An error occurred: No data returned from the query.","service":"user-service"}
{"level":"error","message":"An error occurred: No data returned from the query.","service":"user-service"}
{"level":"error","message":"Ошибка: ResourceNotFoundError: An error occurred: No data returned from the query.","service":"user-service"}
{"level":"error","message":"Error occurred: An error occurred: No data returned from the query.","service":"user-service"}
{"level":"error","message":"An error occurred: No data returned from the query.","service":"user-service"}
{"level":"error","message":"Ошибка: ResourceNotFoundError: An error occurred: No data returned from the query.","service":"user-service"}
{"level":"error","message":"Error occurred: An error occurred: No data returned from the query.","service":"user-service"}
{"level":"error","message":"An error occurred: No data returned from the query.","service":"user-service"}
{"level":"error","message":"Ошибка: ResourceNotFoundError: An error occurred: No data returned from the query.","service":"user-service"}
{"level":"error","message":"Error occurred: An error occurred: No data returned from the query.","service":"user-service"}
{"code":0,"level":"error","message":"Error in getChangeTypeIdFromDb: No data returned from the query.","name":"QueryResultError","query":"SELECT id FROM change_type WHERE change_type = 'AUTOMATIC';","received":0,"result":{"RowCtor":null,"_parsers":[null],"_types":{"_types":{"arrayParser":{},"builtins":{"ABSTIME":702,"ACLITEM":1033,"BIT":1560,"BOOL":16,"BPCHAR":1042,"BYTEA":17,"CHAR":18,"CID":29,"CIDR":650,"CIRCLE":718,"DATE":1082,"FLOAT4":700,"FLOAT8":701,"GTSVECTOR":3642,"INET":869,"INT2":21,"INT4":23,"INT8":20,"INTERVAL":1186,"JSON":114,"JSONB":3802,"MACADDR":829,"MACADDR8":774,"MONEY":790,"NUMERIC":1700,"OID":26,"PATH":602,"PG_DEPENDENCIES":3402,"PG_LSN":3220,"PG_NDISTINCT":3361,"PG_NODE_TREE":194,"POLYGON":604,"REFCURSOR":1790,"REGCLASS":2205,"REGCONFIG":3734,"REGDICTIONARY":3769,"REGNAMESPACE":4089,"REGOPER":2203,"REGOPERATOR":2204,"REGPROC":24,"REGPROCEDURE":2202,"REGROLE":4096,"REGTYPE":2206,"RELTIME":703,"SMGR":210,"TEXT":25,"TID":27,"TIME":1083,"TIMESTAMP":1114,"TIMESTAMPTZ":1184,"TIMETZ":1266,"TINTERVAL":704,"TSQUERY":3615,"TSVECTOR":3614,"TXID_SNAPSHOT":2970,"UUID":2950,"VARBIT":1562,"VARCHAR":1043,"XID":28,"XML":142}},"binary":{},"text":{}},"command":"SELECT","duration":0,"fields":[{"columnID":1,"dataTypeID":23,"dataTypeModifier":-1,"dataTypeSize":4,"format":"text","name":"id","tableID":16434}],"oid":null,"rowAsArray":false,"rowCount":0,"rows":[]},"service":"user-service","stack":"QueryResultError: No data returned from the query.\n    at Query.<anonymous> (/usr/src/app/node_modules/pg-promise/lib/query.js:217:41)\n    at Query.handleReadyForQuery (/usr/src/app/node_modules/pg/lib/query.js:139:14)\n    at Client._handleReadyForQuery (/usr/src/app/node_modules/pg/lib/client.js:312:19)\n    at Connection.emit (node:events:520:28)\n    at Connection.emit (node:domain:475:12)\n    at /usr/src/app/node_modules/pg/lib/connection.js:117:12\n    at Parser.parse (/usr/src/app/node_modules/pg-protocol/src/parser.ts:104:9)\n    at Socket.<anonymous> (/usr/src/app/node_modules/pg-protocol/src/index.ts:7:48)\n    at Socket.emit (node:events:520:28)\n    at Socket.emit (node:domain:475:12)"}
{"code":0,"level":"error","message":"Ошибка при сохранении истории статуса: No data returned from the query.","name":"QueryResultError","query":"SELECT id FROM change_type WHERE change_type = 'AUTOMATIC';","received":0,"result":{"RowCtor":null,"_parsers":[null],"_types":{"_types":{"arrayParser":{},"builtins":{"ABSTIME":702,"ACLITEM":1033,"BIT":1560,"BOOL":16,"BPCHAR":1042,"BYTEA":17,"CHAR":18,"CID":29,"CIDR":650,"CIRCLE":718,"DATE":1082,"FLOAT4":700,"FLOAT8":701,"GTSVECTOR":3642,"INET":869,"INT2":21,"INT4":23,"INT8":20,"INTERVAL":1186,"JSON":114,"JSONB":3802,"MACADDR":829,"MACADDR8":774,"MONEY":790,"NUMERIC":1700,"OID":26,"PATH":602,"PG_DEPENDENCIES":3402,"PG_LSN":3220,"PG_NDISTINCT":3361,"PG_NODE_TREE":194,"POLYGON":604,"REFCURSOR":1790,"REGCLASS":2205,"REGCONFIG":3734,"REGDICTIONARY":3769,"REGNAMESPACE":4089,"REGOPER":2203,"REGOPERATOR":2204,"REGPROC":24,"REGPROCEDURE":2202,"REGROLE":4096,"REGTYPE":2206,"RELTIME":703,"SMGR":210,"TEXT":25,"TID":27,"TIME":1083,"TIMESTAMP":1114,"TIMESTAMPTZ":1184,"TIMETZ":1266,"TINTERVAL":704,"TSQUERY":3615,"TSVECTOR":3614,"TXID_SNAPSHOT":2970,"UUID":2950,"VARBIT":1562,"VARCHAR":1043,"XID":28,"XML":142}},"binary":{},"text":{}},"command":"SELECT","duration":0,"fields":[{"columnID":1,"dataTypeID":23,"dataTypeModifier":-1,"dataTypeSize":4,"format":"text","name":"id","tableID":16434}],"oid":null,"rowAsArray":false,"rowCount":0,"rows":[]},"service":"user-service","stack":"QueryResultError: No data returned from the query.\n    at Query.<anonymous> (/usr/src/app/node_modules/pg-promise/lib/query.js:217:41)\n    at Query.handleReadyForQuery (/usr/src/app/node_modules/pg/lib/query.js:139:14)\n    at Client._handleReadyForQuery (/usr/src/app/node_modules/pg/lib/client.js:312:19)\n    at Connection.emit (node:events:520:28)\n    at Connection.emit (node:domain:475:12)\n    at /usr/src/app/node_modules/pg/lib/connection.js:117:12\n    at Parser.parse (/usr/src/app/node_modules/pg-protocol/src/parser.ts:104:9)\n    at Socket.<anonymous> (/usr/src/app/node_modules/pg-protocol/src/index.ts:7:48)\n    at Socket.emit (node:events:520:28)\n    at Socket.emit (node:domain:475:12)"}
{"code":0,"level":"error","message":"Error in updateApplicationStatusAndHistory: No data returned from the query.","name":"QueryResultError","query":"SELECT id FROM change_type WHERE change_type = 'AUTOMATIC';","received":0,"result":{"RowCtor":null,"_parsers":[null],"_types":{"_types":{"arrayParser":{},"builtins":{"ABSTIME":702,"ACLITEM":1033,"BIT":1560,"BOOL":16,"BPCHAR":1042,"BYTEA":17,"CHAR":18,"CID":29,"CIDR":650,"CIRCLE":718,"DATE":1082,"FLOAT4":700,"FLOAT8":701,"GTSVECTOR":3642,"INET":869,"INT2":21,"INT4":23,"INT8":20,"INTERVAL":1186,"JSON":114,"JSONB":3802,"MACADDR":829,"MACADDR8":774,"MONEY":790,"NUMERIC":1700,"OID":26,"PATH":602,"PG_DEPENDENCIES":3402,"PG_LSN":3220,"PG_NDISTINCT":3361,"PG_NODE_TREE":194,"POLYGON":604,"REFCURSOR":1790,"REGCLASS":2205,"REGCONFIG":3734,"REGDICTIONARY":3769,"REGNAMESPACE":4089,"REGOPER":2203,"REGOPERATOR":2204,"REGPROC":24,"REGPROCEDURE":2202,"REGROLE":4096,"REGTYPE":2206,"RELTIME":703,"SMGR":210,"TEXT":25,"TID":27,"TIME":1083,"TIMESTAMP":1114,"TIMESTAMPTZ":1184,"TIMETZ":1266,"TINTERVAL":704,"TSQUERY":3615,"TSVECTOR":3614,"TXID_SNAPSHOT":2970,"UUID":2950,"VARBIT":1562,"VARCHAR":1043,"XID":28,"XML":142}},"binary":{},"text":{}},"command":"SELECT","duration":0,"fields":[{"columnID":1,"dataTypeID":23,"dataTypeModifier":-1,"dataTypeSize":4,"format":"text","name":"id","tableID":16434}],"oid":null,"rowAsArray":false,"rowCount":0,"rows":[]},"service":"user-service","stack":"QueryResultError: No data returned from the query.\n    at Query.<anonymous> (/usr/src/app/node_modules/pg-promise/lib/query.js:217:41)\n    at Query.handleReadyForQuery (/usr/src/app/node_modules/pg/lib/query.js:139:14)\n    at Client._handleReadyForQuery (/usr/src/app/node_modules/pg/lib/client.js:312:19)\n    at Connection.emit (node:events:520:28)\n    at Connection.emit (node:domain:475:12)\n    at /usr/src/app/node_modules/pg/lib/connection.js:117:12\n    at Parser.parse (/usr/src/app/node_modules/pg-protocol/src/parser.ts:104:9)\n    at Socket.<anonymous> (/usr/src/app/node_modules/pg-protocol/src/index.ts:7:48)\n    at Socket.emit (node:events:520:28)\n    at Socket.emit (node:domain:475:12)"}
{"level":"error","message":"Ошибка: QueryResultError {\n    code: queryResultErrorCode.noData\n    message: \"No data returned from the query.\"\n    received: 0\n    query: \"SELECT id FROM change_type WHERE change_type = 'AUTOMATIC';\"\n}","service":"user-service"}
{"level":"error","message":"Error occurred: No data returned from the query.","service":"user-service"}
{"level":"error","message":"An error occurred: Multiple rows were not expected.","service":"user-service"}
{"level":"error","message":"Ошибка: ResourceNotFoundError: An error occurred: Multiple rows were not expected.","service":"user-service"}
{"level":"error","message":"Error occurred: An error occurred: Multiple rows were not expected.","service":"user-service"}
{"level":"error","message":"An error occurred: Multiple rows were not expected.","service":"user-service"}
{"level":"error","message":"Ошибка: ResourceNotFoundError: An error occurred: Multiple rows were not expected.","service":"user-service"}
{"level":"error","message":"Error occurred: An error occurred: Multiple rows were not expected.","service":"user-service"}
{"code":0,"level":"error","message":"Error in getChangeTypeIdFromDb: No data returned from the query.","name":"QueryResultError","query":"SELECT id FROM change_type WHERE change_type = 'AUTOMATIC';","received":0,"result":{"RowCtor":null,"_parsers":[null],"_types":{"_types":{"arrayParser":{},"builtins":{"ABSTIME":702,"ACLITEM":1033,"BIT":1560,"BOOL":16,"BPCHAR":1042,"BYTEA":17,"CHAR":18,"CID":29,"CIDR":650,"CIRCLE":718,"DATE":1082,"FLOAT4":700,"FLOAT8":701,"GTSVECTOR":3642,"INET":869,"INT2":21,"INT4":23,"INT8":20,"INTERVAL":1186,"JSON":114,"JSONB":3802,"MACADDR":829,"MACADDR8":774,"MONEY":790,"NUMERIC":1700,"OID":26,"PATH":602,"PG_DEPENDENCIES":3402,"PG_LSN":3220,"PG_NDISTINCT":3361,"PG_NODE_TREE":194,"POLYGON":604,"REFCURSOR":1790,"REGCLASS":2205,"REGCONFIG":3734,"REGDICTIONARY":3769,"REGNAMESPACE":4089,"REGOPER":2203,"REGOPERATOR":2204,"REGPROC":24,"REGPROCEDURE":2202,"REGROLE":4096,"REGTYPE":2206,"RELTIME":703,"SMGR":210,"TEXT":25,"TID":27,"TIME":1083,"TIMESTAMP":1114,"TIMESTAMPTZ":1184,"TIMETZ":1266,"TINTERVAL":704,"TSQUERY":3615,"TSVECTOR":3614,"TXID_SNAPSHOT":2970,"UUID":2950,"VARBIT":1562,"VARCHAR":1043,"XID":28,"XML":142}},"binary":{},"text":{}},"command":"SELECT","duration":0,"fields":[{"columnID":1,"dataTypeID":23,"dataTypeModifier":-1,"dataTypeSize":4,"format":"text","name":"id","tableID":16434}],"oid":null,"rowAsArray":false,"rowCount":0,"rows":[]},"service":"user-service","stack":"QueryResultError: No data returned from the query.\n    at Query.<anonymous> (/usr/src/app/node_modules/pg-promise/lib/query.js:217:41)\n    at Query.handleReadyForQuery (/usr/src/app/node_modules/pg/lib/query.js:139:14)\n    at Client._handleReadyForQuery (/usr/src/app/node_modules/pg/lib/client.js:312:19)\n    at Connection.emit (node:events:520:28)\n    at Connection.emit (node:domain:475:12)\n    at /usr/src/app/node_modules/pg/lib/connection.js:117:12\n    at Parser.parse (/usr/src/app/node_modules/pg-protocol/src/parser.ts:104:9)\n    at Socket.<anonymous> (/usr/src/app/node_modules/pg-protocol/src/index.ts:7:48)\n    at Socket.emit (node:events:520:28)\n    at Socket.emit (node:domain:475:12)"}
{"code":0,"level":"error","message":"Ошибка при сохранении истории статуса: No data returned from the query.","name":"QueryResultError","query":"SELECT id FROM change_type WHERE change_type = 'AUTOMATIC';","received":0,"result":{"RowCtor":null,"_parsers":[null],"_types":{"_types":{"arrayParser":{},"builtins":{"ABSTIME":702,"ACLITEM":1033,"BIT":1560,"BOOL":16,"BPCHAR":1042,"BYTEA":17,"CHAR":18,"CID":29,"CIDR":650,"CIRCLE":718,"DATE":1082,"FLOAT4":700,"FLOAT8":701,"GTSVECTOR":3642,"INET":869,"INT2":21,"INT4":23,"INT8":20,"INTERVAL":1186,"JSON":114,"JSONB":3802,"MACADDR":829,"MACADDR8":774,"MONEY":790,"NUMERIC":1700,"OID":26,"PATH":602,"PG_DEPENDENCIES":3402,"PG_LSN":3220,"PG_NDISTINCT":3361,"PG_NODE_TREE":194,"POLYGON":604,"REFCURSOR":1790,"REGCLASS":2205,"REGCONFIG":3734,"REGDICTIONARY":3769,"REGNAMESPACE":4089,"REGOPER":2203,"REGOPERATOR":2204,"REGPROC":24,"REGPROCEDURE":2202,"REGROLE":4096,"REGTYPE":2206,"RELTIME":703,"SMGR":210,"TEXT":25,"TID":27,"TIME":1083,"TIMESTAMP":1114,"TIMESTAMPTZ":1184,"TIMETZ":1266,"TINTERVAL":704,"TSQUERY":3615,"TSVECTOR":3614,"TXID_SNAPSHOT":2970,"UUID":2950,"VARBIT":1562,"VARCHAR":1043,"XID":28,"XML":142}},"binary":{},"text":{}},"command":"SELECT","duration":0,"fields":[{"columnID":1,"dataTypeID":23,"dataTypeModifier":-1,"dataTypeSize":4,"format":"text","name":"id","tableID":16434}],"oid":null,"rowAsArray":false,"rowCount":0,"rows":[]},"service":"user-service","stack":"QueryResultError: No data returned from the query.\n    at Query.<anonymous> (/usr/src/app/node_modules/pg-promise/lib/query.js:217:41)\n    at Query.handleReadyForQuery (/usr/src/app/node_modules/pg/lib/query.js:139:14)\n    at Client._handleReadyForQuery (/usr/src/app/node_modules/pg/lib/client.js:312:19)\n    at Connection.emit (node:events:520:28)\n    at Connection.emit (node:domain:475:12)\n    at /usr/src/app/node_modules/pg/lib/connection.js:117:12\n    at Parser.parse (/usr/src/app/node_modules/pg-protocol/src/parser.ts:104:9)\n    at Socket.<anonymous> (/usr/src/app/node_modules/pg-protocol/src/index.ts:7:48)\n    at Socket.emit (node:events:520:28)\n    at Socket.emit (node:domain:475:12)"}
{"code":0,"level":"error","message":"Error in updateApplicationStatusAndHistory: No data returned from the query.","name":"QueryResultError","query":"SELECT id FROM change_type WHERE change_type = 'AUTOMATIC';","received":0,"result":{"RowCtor":null,"_parsers":[null],"_types":{"_types":{"arrayParser":{},"builtins":{"ABSTIME":702,"ACLITEM":1033,"BIT":1560,"BOOL":16,"BPCHAR":1042,"BYTEA":17,"CHAR":18,"CID":29,"CIDR":650,"CIRCLE":718,"DATE":1082,"FLOAT4":700,"FLOAT8":701,"GTSVECTOR":3642,"INET":869,"INT2":21,"INT4":23,"INT8":20,"INTERVAL":1186,"JSON":114,"JSONB":3802,"MACADDR":829,"MACADDR8":774,"MONEY":790,"NUMERIC":1700,"OID":26,"PATH":602,"PG_DEPENDENCIES":3402,"PG_LSN":3220,"PG_NDISTINCT":3361,"PG_NODE_TREE":194,"POLYGON":604,"REFCURSOR":1790,"REGCLASS":2205,"REGCONFIG":3734,"REGDICTIONARY":3769,"REGNAMESPACE":4089,"REGOPER":2203,"REGOPERATOR":2204,"REGPROC":24,"REGPROCEDURE":2202,"REGROLE":4096,"REGTYPE":2206,"RELTIME":703,"SMGR":210,"TEXT":25,"TID":27,"TIME":1083,"TIMESTAMP":1114,"TIMESTAMPTZ":1184,"TIMETZ":1266,"TINTERVAL":704,"TSQUERY":3615,"TSVECTOR":3614,"TXID_SNAPSHOT":2970,"UUID":2950,"VARBIT":1562,"VARCHAR":1043,"XID":28,"XML":142}},"binary":{},"text":{}},"command":"SELECT","duration":0,"fields":[{"columnID":1,"dataTypeID":23,"dataTypeModifier":-1,"dataTypeSize":4,"format":"text","name":"id","tableID":16434}],"oid":null,"rowAsArray":false,"rowCount":0,"rows":[]},"service":"user-service","stack":"QueryResultError: No data returned from the query.\n    at Query.<anonymous> (/usr/src/app/node_modules/pg-promise/lib/query.js:217:41)\n    at Query.handleReadyForQuery (/usr/src/app/node_modules/pg/lib/query.js:139:14)\n    at Client._handleReadyForQuery (/usr/src/app/node_modules/pg/lib/client.js:312:19)\n    at Connection.emit (node:events:520:28)\n    at Connection.emit (node:domain:475:12)\n    at /usr/src/app/node_modules/pg/lib/connection.js:117:12\n    at Parser.parse (/usr/src/app/node_modules/pg-protocol/src/parser.ts:104:9)\n    at Socket.<anonymous> (/usr/src/app/node_modules/pg-protocol/src/index.ts:7:48)\n    at Socket.emit (node:events:520:28)\n    at Socket.emit (node:domain:475:12)"}
{"level":"error","message":"Ошибка: QueryResultError {\n    code: queryResultErrorCode.noData\n    message: \"No data returned from the query.\"\n    received: 0\n    query: \"SELECT id FROM change_type WHERE change_type = 'AUTOMATIC';\"\n}","service":"user-service"}
{"level":"error","message":"Error occurred: No data returned from the query.","service":"user-service"}
{"code":0,"level":"error","message":"Error in getChangeTypeIdFromDb: No data returned from the query.","name":"QueryResultError","query":"SELECT id FROM change_type WHERE change_type = 'AUTOMATIC';","received":0,"result":{"RowCtor":null,"_parsers":[null],"_types":{"_types":{"arrayParser":{},"builtins":{"ABSTIME":702,"ACLITEM":1033,"BIT":1560,"BOOL":16,"BPCHAR":1042,"BYTEA":17,"CHAR":18,"CID":29,"CIDR":650,"CIRCLE":718,"DATE":1082,"FLOAT4":700,"FLOAT8":701,"GTSVECTOR":3642,"INET":869,"INT2":21,"INT4":23,"INT8":20,"INTERVAL":1186,"JSON":114,"JSONB":3802,"MACADDR":829,"MACADDR8":774,"MONEY":790,"NUMERIC":1700,"OID":26,"PATH":602,"PG_DEPENDENCIES":3402,"PG_LSN":3220,"PG_NDISTINCT":3361,"PG_NODE_TREE":194,"POLYGON":604,"REFCURSOR":1790,"REGCLASS":2205,"REGCONFIG":3734,"REGDICTIONARY":3769,"REGNAMESPACE":4089,"REGOPER":2203,"REGOPERATOR":2204,"REGPROC":24,"REGPROCEDURE":2202,"REGROLE":4096,"REGTYPE":2206,"RELTIME":703,"SMGR":210,"TEXT":25,"TID":27,"TIME":1083,"TIMESTAMP":1114,"TIMESTAMPTZ":1184,"TIMETZ":1266,"TINTERVAL":704,"TSQUERY":3615,"TSVECTOR":3614,"TXID_SNAPSHOT":2970,"UUID":2950,"VARBIT":1562,"VARCHAR":1043,"XID":28,"XML":142}},"binary":{},"text":{}},"command":"SELECT","duration":0,"fields":[{"columnID":1,"dataTypeID":23,"dataTypeModifier":-1,"dataTypeSize":4,"format":"text","name":"id","tableID":16434}],"oid":null,"rowAsArray":false,"rowCount":0,"rows":[]},"service":"user-service","stack":"QueryResultError: No data returned from the query.\n    at Query.<anonymous> (/usr/src/app/node_modules/pg-promise/lib/query.js:217:41)\n    at Query.handleReadyForQuery (/usr/src/app/node_modules/pg/lib/query.js:139:14)\n    at Client._handleReadyForQuery (/usr/src/app/node_modules/pg/lib/client.js:312:19)\n    at Connection.emit (node:events:520:28)\n    at Connection.emit (node:domain:475:12)\n    at /usr/src/app/node_modules/pg/lib/connection.js:117:12\n    at Parser.parse (/usr/src/app/node_modules/pg-protocol/src/parser.ts:104:9)\n    at Socket.<anonymous> (/usr/src/app/node_modules/pg-protocol/src/index.ts:7:48)\n    at Socket.emit (node:events:520:28)\n    at Socket.emit (node:domain:475:12)"}
{"code":0,"level":"error","message":"Ошибка при сохранении истории статуса: No data returned from the query.","name":"QueryResultError","query":"SELECT id FROM change_type WHERE change_type = 'AUTOMATIC';","received":0,"result":{"RowCtor":null,"_parsers":[null],"_types":{"_types":{"arrayParser":{},"builtins":{"ABSTIME":702,"ACLITEM":1033,"BIT":1560,"BOOL":16,"BPCHAR":1042,"BYTEA":17,"CHAR":18,"CID":29,"CIDR":650,"CIRCLE":718,"DATE":1082,"FLOAT4":700,"FLOAT8":701,"GTSVECTOR":3642,"INET":869,"INT2":21,"INT4":23,"INT8":20,"INTERVAL":1186,"JSON":114,"JSONB":3802,"MACADDR":829,"MACADDR8":774,"MONEY":790,"NUMERIC":1700,"OID":26,"PATH":602,"PG_DEPENDENCIES":3402,"PG_LSN":3220,"PG_NDISTINCT":3361,"PG_NODE_TREE":194,"POLYGON":604,"REFCURSOR":1790,"REGCLASS":2205,"REGCONFIG":3734,"REGDICTIONARY":3769,"REGNAMESPACE":4089,"REGOPER":2203,"REGOPERATOR":2204,"REGPROC":24,"REGPROCEDURE":2202,"REGROLE":4096,"REGTYPE":2206,"RELTIME":703,"SMGR":210,"TEXT":25,"TID":27,"TIME":1083,"TIMESTAMP":1114,"TIMESTAMPTZ":1184,"TIMETZ":1266,"TINTERVAL":704,"TSQUERY":3615,"TSVECTOR":3614,"TXID_SNAPSHOT":2970,"UUID":2950,"VARBIT":1562,"VARCHAR":1043,"XID":28,"XML":142}},"binary":{},"text":{}},"command":"SELECT","duration":0,"fields":[{"columnID":1,"dataTypeID":23,"dataTypeModifier":-1,"dataTypeSize":4,"format":"text","name":"id","tableID":16434}],"oid":null,"rowAsArray":false,"rowCount":0,"rows":[]},"service":"user-service","stack":"QueryResultError: No data returned from the query.\n    at Query.<anonymous> (/usr/src/app/node_modules/pg-promise/lib/query.js:217:41)\n    at Query.handleReadyForQuery (/usr/src/app/node_modules/pg/lib/query.js:139:14)\n    at Client._handleReadyForQuery (/usr/src/app/node_modules/pg/lib/client.js:312:19)\n    at Connection.emit (node:events:520:28)\n    at Connection.emit (node:domain:475:12)\n    at /usr/src/app/node_modules/pg/lib/connection.js:117:12\n    at Parser.parse (/usr/src/app/node_modules/pg-protocol/src/parser.ts:104:9)\n    at Socket.<anonymous> (/usr/src/app/node_modules/pg-protocol/src/index.ts:7:48)\n    at Socket.emit (node:events:520:28)\n    at Socket.emit (node:domain:475:12)"}
{"code":0,"level":"error","message":"Error in updateApplicationStatusAndHistory: No data returned from the query.","name":"QueryResultError","query":"SELECT id FROM change_type WHERE change_type = 'AUTOMATIC';","received":0,"result":{"RowCtor":null,"_parsers":[null],"_types":{"_types":{"arrayParser":{},"builtins":{"ABSTIME":702,"ACLITEM":1033,"BIT":1560,"BOOL":16,"BPCHAR":1042,"BYTEA":17,"CHAR":18,"CID":29,"CIDR":650,"CIRCLE":718,"DATE":1082,"FLOAT4":700,"FLOAT8":701,"GTSVECTOR":3642,"INET":869,"INT2":21,"INT4":23,"INT8":20,"INTERVAL":1186,"JSON":114,"JSONB":3802,"MACADDR":829,"MACADDR8":774,"MONEY":790,"NUMERIC":1700,"OID":26,"PATH":602,"PG_DEPENDENCIES":3402,"PG_LSN":3220,"PG_NDISTINCT":3361,"PG_NODE_TREE":194,"POLYGON":604,"REFCURSOR":1790,"REGCLASS":2205,"REGCONFIG":3734,"REGDICTIONARY":3769,"REGNAMESPACE":4089,"REGOPER":2203,"REGOPERATOR":2204,"REGPROC":24,"REGPROCEDURE":2202,"REGROLE":4096,"REGTYPE":2206,"RELTIME":703,"SMGR":210,"TEXT":25,"TID":27,"TIME":1083,"TIMESTAMP":1114,"TIMESTAMPTZ":1184,"TIMETZ":1266,"TINTERVAL":704,"TSQUERY":3615,"TSVECTOR":3614,"TXID_SNAPSHOT":2970,"UUID":2950,"VARBIT":1562,"VARCHAR":1043,"XID":28,"XML":142}},"binary":{},"text":{}},"command":"SELECT","duration":0,"fields":[{"columnID":1,"dataTypeID":23,"dataTypeModifier":-1,"dataTypeSize":4,"format":"text","name":"id","tableID":16434}],"oid":null,"rowAsArray":false,"rowCount":0,"rows":[]},"service":"user-service","stack":"QueryResultError: No data returned from the query.\n    at Query.<anonymous> (/usr/src/app/node_modules/pg-promise/lib/query.js:217:41)\n    at Query.handleReadyForQuery (/usr/src/app/node_modules/pg/lib/query.js:139:14)\n    at Client._handleReadyForQuery (/usr/src/app/node_modules/pg/lib/client.js:312:19)\n    at Connection.emit (node:events:520:28)\n    at Connection.emit (node:domain:475:12)\n    at /usr/src/app/node_modules/pg/lib/connection.js:117:12\n    at Parser.parse (/usr/src/app/node_modules/pg-protocol/src/parser.ts:104:9)\n    at Socket.<anonymous> (/usr/src/app/node_modules/pg-protocol/src/index.ts:7:48)\n    at Socket.emit (node:events:520:28)\n    at Socket.emit (node:domain:475:12)"}
{"level":"error","message":"Ошибка: QueryResultError {\n    code: queryResultErrorCode.noData\n    message: \"No data returned from the query.\"\n    received: 0\n    query: \"SELECT id FROM change_type WHERE change_type = 'AUTOMATIC';\"\n}","service":"user-service"}
{"level":"error","message":"Error occurred: No data returned from the query.","service":"user-service"}
{"level":"error","message":"Error sending code: Code must be a 6-digit string","service":"user-service"}
{"level":"error","message":"Error sending code: Your code is incorrect.","service":"user-service"}
{"level":"error","message":"Error occurred: \"amount\" must be greater than or equal to 10000","service":"user-service"}
{"level":"error","message":"Error occurred: \"passportSeries\" length must be 4 characters long","service":"user-service"}
{"level":"error","message":"Error occurred: \"term\" must be a number","service":"user-service"}
{"level":"error","message":"Error occurred: \"birthdate\" contains an invalid value","service":"user-service"}
{"level":"error","name":"ConflictError","service":"user-service","statusCode":409}
{"level":"error","message":"Error calculating loan offer Клиент с данным паспортом уже существует","name":"ConflictError","service":"user-service","stack":"ConflictError: Клиент с данным паспортом уже существует\n    at Task.<anonymous> (file:///usr/src/app/src/service/application.service.ts:13:15)\n    at processTicksAndRejections (node:internal/process/task_queues:96:5)\n    at async addClientAndPassport (file:///usr/src/app/src/service/application.service.ts:10:20)\n    at async postApplication (file:///usr/src/app/src/controllers/application.controller.ts:14:26)","statusCode":409}
{"level":"error","message":"Error occurred: \"gender\" is required","service":"user-service"}
{"level":"error","message":"Error occurred: \"employment.employmentStatus\" must be one of [UNEMPLOYED, SELF_EMPLOYED, BUSINESS_OWNER, EMPLOYED]","service":"user-service"}
{"level":"error","message":"Error occurred: \"employment.position\" must be one of [MID_MANAGER, TOP_MANAGER, WORKER, OWNER]","service":"user-service"}
{"level":"error","message":"Error occurred: \"employment.workExperienceTotal\" must be a number","service":"user-service"}
{"level":"error","message":"Error occurred: \"employment.workExperienceTotal\" must be greater than or equal to 12","service":"user-service"}
{"level":"error","message":"An error occurred: duplicate key value violates unique constraint \"unique_gender_id\"","service":"user-service"}
{"level":"error","message":"Ошибка: ServerError: An error occurred: duplicate key value violates unique constraint \"unique_gender_id\"","service":"user-service"}
{"level":"error","message":"Error occurred: An error occurred: duplicate key value violates unique constraint \"unique_gender_id\"","service":"user-service"}
{"level":"error","message":"An error occurred: duplicate key value violates unique constraint \"unique_gender_id\"","service":"user-service"}
{"level":"error","message":"Ошибка: ServerError: An error occurred: duplicate key value violates unique constraint \"unique_gender_id\"","service":"user-service"}
{"level":"error","message":"Error occurred: An error occurred: duplicate key value violates unique constraint \"unique_gender_id\"","service":"user-service"}
{"level":"error","message":"Error occurred: \"birthdate\" contains an invalid value","service":"user-service"}
{"code":"22P02","file":"uuid.c","length":109,"level":"error","line":"133","name":"error","position":"42","query":"SELECT * FROM client WHERE passport_id = '4321123456'","routine":"string_to_uuid","service":"user-service","severity":"ERROR"}
{"code":"22P02","file":"uuid.c","length":109,"level":"error","line":"133","message":"Error calculating loan offer invalid input syntax for type uuid: \"4321123456\"","name":"error","position":"42","query":"SELECT * FROM client WHERE passport_id = '4321123456'","routine":"string_to_uuid","service":"user-service","severity":"ERROR","stack":"error: invalid input syntax for type uuid: \"4321123456\"\n    at Parser.parseErrorMessage (/usr/src/app/node_modules/pg-protocol/src/parser.ts:369:69)\n    at Parser.handlePacket (/usr/src/app/node_modules/pg-protocol/src/parser.ts:188:21)\n    at Parser.parse (/usr/src/app/node_modules/pg-protocol/src/parser.ts:103:30)\n    at Socket.<anonymous> (/usr/src/app/node_modules/pg-protocol/src/index.ts:7:48)\n    at Socket.emit (node:events:520:28)\n    at Socket.emit (node:domain:475:12)\n    at addChunk (node:internal/streams/readable:315:12)\n    at readableAddChunk (node:internal/streams/readable:289:9)\n    at Socket.Readable.push (node:internal/streams/readable:228:10)\n    at TCP.onStreamRead (node:internal/stream_base_commons:190:23)"}
{"level":"error","message":"Error occurred: \"employment.employmentStatus\" must be one of [UNEMPLOYED, SELF_EMPLOYED, BUSINESS_OWNER, EMPLOYED]","service":"user-service"}
{"level":"error","message":"Error occurred: \"employment.position\" must be one of [MID_MANAGER, TOP_MANAGER, WORKER, OWNER]","service":"user-service"}
{"level":"error","message":"Error occurred: \"employment.workExperienceTotal\" must be greater than or equal to 12","service":"user-service"}
{"level":"error","message":"Error occurred: Unexpected token } in JSON at position 22","service":"user-service"}
{"level":"error","message":"Error sending code: Code must be a 6-digit string","service":"user-service"}
{"level":"error","message":"Error sending code: Your code is incorrect.","service":"user-service"}
{"level":"error","message":"Error occurred: \"employment.position\" must be one of [MID_MANAGER, TOP_MANAGER, WORKER, OWNER]","service":"user-service"}
{"level":"error","message":"Error occurred: \"employment.workExperienceTotal\" must be greater than or equal to 12","service":"user-service"}
{"level":"error","message":"Error occurred: \"birthdate\" contains an invalid value","service":"user-service"}
{"level":"error","message":"Error occurred: \"birthdate\" contains an invalid value","service":"user-service"}
{"level":"error","message":"Error occurred: \"passportSeries\" length must be 4 characters long","service":"user-service"}
{"level":"error","message":"Error while adding client and passport: ConflictError: Клиент с данным паспортом уже существует","service":"user-service"}
{"level":"error","message":"Error calculating loan offer Клиент с данным паспортом уже существует","name":"ConflictError","service":"user-service","stack":"ConflictError: Клиент с данным паспортом уже существует\n    at addClientAndPassport (file:///usr/src/app/src/service/application.service.ts:17:13)\n    at processTicksAndRejections (node:internal/process/task_queues:96:5)\n    at async postApplication (file:///usr/src/app/src/controllers/application.controller.ts:14:26)","statusCode":409}
{"level":"error","message":"Error occurred: Клиент с данным паспортом уже существует","service":"user-service"}
{"level":"error","message":"Error occurred: \"employment.workExperienceTotal\" must be greater than or equal to 12","service":"user-service"}
{"level":"error","message":"Error occurred: \"employment.workExperienceTotal\" must be greater than or equal to 12","service":"user-service"}
{"level":"error","message":"Error occurred: \"employment.workExperienceTotal\" must be greater than or equal to 12","service":"user-service"}
{"code":"ERR_BAD_REQUEST","config":{"adapter":["xhr","http"],"data":"{\"amount\":50000,\"term\":12,\"firstName\":\"Michael\",\"lastName\":\"Fox\",\"middleName\":\"Michael\",\"birthdate\":\"1985-03-03T00:00:00.000Z\",\"passportSeries\":\"2222\",\"passportNumber\":\"123456\",\"gender\":\"MALE\",\"passportIssueDate\":\"2023-08-01\",\"passportIssueBranch\":\"12345678\",\"maritalStatus\":\"SINGLE\",\"dependentNumber\":2,\"employment\":{\"employmentStatus\":\"UNEMPLOYED\",\"employerINN\":\"123456789012\",\"salary\":50000,\"position\":\"WORKER\",\"workExperienceTotal\":15,\"workExperienceCurrent\":3},\"account\":\"1234567890123456\",\"isInsuranceEnabled\":false,\"isSalaryClient\":true}","env":{"Blob":null},"headers":{"Accept":"application/json, text/plain, */*","Accept-Encoding":"gzip, compress, deflate, br","Content-Length":"544","Content-Type":"application/json","User-Agent":"axios/1.4.0"},"maxBodyLength":-1,"maxContentLength":-1,"method":"post","timeout":0,"transformRequest":[null],"transformResponse":[null],"transitional":{"clarifyTimeoutError":false,"forcedJSONParsing":true,"silentJSONParsing":true},"url":"http://api-conveyer:3001/conveyor/calculation","xsrfCookieName":"XSRF-TOKEN","xsrfHeaderName":"X-XSRF-TOKEN"},"level":"error","message":"Scoring request failed for application ID: 28aa14c6-d72e-4c4c-b46a-7e93b2a6d46e Request failed with status code 400","name":"AxiosError","request":{"_closed":false,"_contentLength":null,"_defaultKeepAlive":true,"_ended":true,"_events":{},"_eventsCount":7,"_hasBody":true,"_header":"POST /conveyor/calculation HTTP/1.1\r\nAccept: application/json, text/plain, */*\r\nContent-Type: application/json\r\nUser-Agent: axios/1.4.0\r\nContent-Length: 544\r\nAccept-Encoding: gzip, compress, deflate, br\r\nHost: api-conveyer:3001\r\nConnection: close\r\n\r\n","_headerSent":true,"_keepAliveTimeout":0,"_last":true,"_redirectable":{"_currentRequest":"[Circular]","_currentUrl":"http://api-conveyer:3001/conveyor/calculation","_ended":true,"_ending":true,"_events":{},"_eventsCount":3,"_options":{"agents":{},"beforeRedirects":{},"headers":{"Accept":"application/json, text/plain, */*","Accept-Encoding":"gzip, compress, deflate, br","Content-Length":"544","Content-Type":"application/json","User-Agent":"axios/1.4.0"},"hostname":"api-conveyer","maxBodyLength":null,"maxRedirects":21,"method":"POST","nativeProtocols":{"http:":{"METHODS":["ACL","BIND","CHECKOUT","CONNECT","COPY","DELETE","GET","HEAD","LINK","LOCK","M-SEARCH","MERGE","MKACTIVITY","MKCALENDAR","MKCOL","MOVE","NOTIFY","OPTIONS","PATCH","POST","PROPFIND","PROPPATCH","PURGE","PUT","REBIND","REPORT","SEARCH","SOURCE","SUBSCRIBE","TRACE","UNBIND","UNLINK","UNLOCK","UNSUBSCRIBE"],"STATUS_CODES":{"100":"Continue","101":"Switching Protocols","102":"Processing","103":"Early Hints","200":"OK","201":"Created","202":"Accepted","203":"Non-Authoritative Information","204":"No Content","205":"Reset Content","206":"Partial Content","207":"Multi-Status","208":"Already Reported","226":"IM Used","300":"Multiple Choices","301":"Moved Permanently","302":"Found","303":"See Other","304":"Not Modified","305":"Use Proxy","307":"Temporary Redirect","308":"Permanent Redirect","400":"Bad Request","401":"Unauthorized","402":"Payment Required","403":"Forbidden","404":"Not Found","405":"Method Not Allowed","406":"Not Acceptable","407":"Proxy Authentication Required","408":"Request Timeout","409":"Conflict","410":"Gone","411":"Length Required","412":"Precondition Failed","413":"Payload Too Large","414":"URI Too Long","415":"Unsupported Media Type","416":"Range Not Satisfiable","417":"Expectation Failed","418":"I'm a Teapot","421":"Misdirected Request","422":"Unprocessable Entity","423":"Locked","424":"Failed Dependency","425":"Too Early","426":"Upgrade Required","428":"Precondition Required","429":"Too Many Requests","431":"Request Header Fields Too Large","451":"Unavailable For Legal Reasons","500":"Internal Server Error","501":"Not Implemented","502":"Bad Gateway","503":"Service Unavailable","504":"Gateway Timeout","505":"HTTP Version Not Supported","506":"Variant Also Negotiates","507":"Insufficient Storage","508":"Loop Detected","509":"Bandwidth Limit Exceeded","510":"Not Extended","511":"Network Authentication Required"},"globalAgent":{"_events":{},"_eventsCount":2,"defaultPort":80,"freeSockets":{},"keepAlive":false,"keepAliveMsecs":1000,"maxFreeSockets":256,"maxSockets":null,"maxTotalSockets":null,"options":{"path":null},"protocol":"http:","requests":{},"scheduling":"lifo","sockets":{"api-conveyer:3001:":[{"_events":{"close":[null,null]},"_eventsCount":7,"_hadError":false,"_host":"api-conveyer","_httpMessage":"[Circular]","_parent":null,"_pendingData":null,"_pendingEncoding":"","_readableState":{"autoDestroy":true,"awaitDrainWriters":null,"buffer":{"head":null,"length":0,"tail":null},"closeEmitted":false,"closed":false,"constructed":true,"dataEmitted":true,"decoder":null,"defaultEncoding":"utf8","destroyed":false,"emitClose":false,"emittedReadable":false,"encoding":null,"endEmitted":false,"ended":false,"errorEmitted":false,"errored":null,"flowing":true,"highWaterMark":16384,"length":0,"multiAwaitDrain":false,"needReadable":true,"objectMode":false,"pipes":[],"readableListening":false,"reading":true,"readingMore":false,"resumeScheduled":false,"sync":false},"_server":null,"_sockname":null,"_writableState":{"afterWriteTickInfo":null,"allBuffers":true,"allNoop":true,"autoDestroy":true,"bufferProcessing":false,"buffered":[],"bufferedIndex":0,"closeEmitted":false,"closed":false,"constructed":true,"corked":0,"decodeStrings":false,"defaultEncoding":"utf8","destroyed":false,"emitClose":false,"ended":true,"ending":true,"errorEmitted":false,"errored":null,"finalCalled":true,"finished":false,"highWaterMark":16384,"length":0,"needDrain":false,"objectMode":false,"pendingcb":1,"prefinished":false,"sync":false,"writecb":null,"writelen":0,"writing":false},"allowHalfOpen":false,"connecting":false,"parser":null,"server":null}]},"totalSocketCount":1},"maxHeaderSize":16384},"https:":{"globalAgent":{"_events":{},"_eventsCount":2,"_sessionCache":{"list":[],"map":{}},"defaultPort":443,"freeSockets":{},"keepAlive":false,"keepAliveMsecs":1000,"maxCachedSessions":100,"maxFreeSockets":256,"maxSockets":null,"maxTotalSockets":null,"options":{"path":null},"protocol":"https:","requests":{},"scheduling":"lifo","sockets":{},"totalSocketCount":0}}},"path":"/conveyor/calculation","pathname":"/conveyor/calculation","port":"3001","protocol":"http:"},"_redirectCount":0,"_redirects":[],"_requestBodyBuffers":[],"_requestBodyLength":544,"_writableState":{"afterWriteTickInfo":null,"allBuffers":true,"allNoop":true,"autoDestroy":true,"bufferProcessing":false,"buffered":[],"bufferedIndex":0,"closeEmitted":false,"closed":false,"constructed":true,"corked":0,"decodeStrings":true,"defaultEncoding":"utf8","destroyed":false,"emitClose":true,"ended":false,"ending":false,"errorEmitted":false,"errored":null,"finalCalled":false,"finished":false,"highWaterMark":16384,"length":0,"needDrain":false,"objectMode":false,"pendingcb":0,"prefinished":false,"sync":true,"writecb":null,"writelen":0,"writing":false}},"_removedConnection":false,"_removedContLen":false,"_removedTE":false,"_trailer":"","aborted":false,"agent":{"_events":{},"_eventsCount":2,"defaultPort":80,"freeSockets":{},"keepAlive":false,"keepAliveMsecs":1000,"maxFreeSockets":256,"maxSockets":null,"maxTotalSockets":null,"options":{"path":null},"protocol":"http:","requests":{},"scheduling":"lifo","sockets":{"api-conveyer:3001:":[{"_events":{"close":[null,null]},"_eventsCount":7,"_hadError":false,"_host":"api-conveyer","_httpMessage":"[Circular]","_parent":null,"_pendingData":null,"_pendingEncoding":"","_readableState":{"autoDestroy":true,"awaitDrainWriters":null,"buffer":{"head":null,"length":0,"tail":null},"closeEmitted":false,"closed":false,"constructed":true,"dataEmitted":true,"decoder":null,"defaultEncoding":"utf8","destroyed":false,"emitClose":false,"emittedReadable":false,"encoding":null,"endEmitted":false,"ended":false,"errorEmitted":false,"errored":null,"flowing":true,"highWaterMark":16384,"length":0,"multiAwaitDrain":false,"needReadable":true,"objectMode":false,"pipes":[],"readableListening":false,"reading":true,"readingMore":false,"resumeScheduled":false,"sync":false},"_server":null,"_sockname":null,"_writableState":{"afterWriteTickInfo":null,"allBuffers":true,"allNoop":true,"autoDestroy":true,"bufferProcessing":false,"buffered":[],"bufferedIndex":0,"closeEmitted":false,"closed":false,"constructed":true,"corked":0,"decodeStrings":false,"defaultEncoding":"utf8","destroyed":false,"emitClose":false,"ended":true,"ending":true,"errorEmitted":false,"errored":null,"finalCalled":true,"finished":false,"highWaterMark":16384,"length":0,"needDrain":false,"objectMode":false,"pendingcb":1,"prefinished":false,"sync":false,"writecb":null,"writelen":0,"writing":false},"allowHalfOpen":false,"connecting":false,"parser":null,"server":null}]},"totalSocketCount":1},"chunkedEncoding":false,"destroyed":false,"finished":true,"host":"api-conveyer","maxHeadersCount":null,"maxRequestsOnConnectionReached":false,"method":"POST","outputData":[],"outputSize":0,"parser":null,"path":"/conveyor/calculation","protocol":"http:","res":{"_consuming":false,"_dumped":false,"_events":{"end":[null,null]},"_eventsCount":4,"_readableState":{"autoDestroy":true,"awaitDrainWriters":null,"buffer":{"head":null,"length":0,"tail":null},"closeEmitted":true,"closed":true,"constructed":true,"dataEmitted":true,"decoder":null,"defaultEncoding":"utf8","destroyed":true,"emitClose":true,"emittedReadable":false,"encoding":null,"endEmitted":true,"ended":true,"errorEmitted":false,"errored":null,"flowing":true,"highWaterMark":16384,"length":0,"multiAwaitDrain":false,"needReadable":false,"objectMode":false,"pipes":[],"readableListening":false,"reading":false,"readingMore":true,"resumeScheduled":false,"sync":true},"aborted":false,"client":{"_events":{"close":[null,null]},"_eventsCount":7,"_hadError":false,"_host":"api-conveyer","_httpMessage":"[Circular]","_parent":null,"_pendingData":null,"_pendingEncoding":"","_readableState":{"autoDestroy":true,"awaitDrainWriters":null,"buffer":{"head":null,"length":0,"tail":null},"closeEmitted":false,"closed":false,"constructed":true,"dataEmitted":true,"decoder":null,"defaultEncoding":"utf8","destroyed":false,"emitClose":false,"emittedReadable":false,"encoding":null,"endEmitted":false,"ended":false,"errorEmitted":false,"errored":null,"flowing":true,"highWaterMark":16384,"length":0,"multiAwaitDrain":false,"needReadable":true,"objectMode":false,"pipes":[],"readableListening":false,"reading":true,"readingMore":false,"resumeScheduled":false,"sync":false},"_server":null,"_sockname":null,"_writableState":{"afterWriteTickInfo":null,"allBuffers":true,"allNoop":true,"autoDestroy":true,"bufferProcessing":false,"buffered":[],"bufferedIndex":0,"closeEmitted":false,"closed":false,"constructed":true,"corked":0,"decodeStrings":false,"defaultEncoding":"utf8","destroyed":false,"emitClose":false,"ended":true,"ending":true,"errorEmitted":false,"errored":null,"finalCalled":true,"finished":false,"highWaterMark":16384,"length":0,"needDrain":false,"objectMode":false,"pendingcb":1,"prefinished":false,"sync":false,"writecb":null,"writelen":0,"writing":false},"allowHalfOpen":false,"connecting":false,"parser":null,"server":null},"complete":true,"httpVersion":"1.1","httpVersionMajor":1,"httpVersionMinor":1,"method":null,"rawHeaders":["X-Powered-By","Express","Content-Type","application/json; charset=utf-8","Content-Length","46","ETag","W/\"2e-Z2frCy2c/ObUg/YwWx+3l+XCHE4\"","Date","Fri, 11 Aug 2023 08:03:53 GMT","Connection","close"],"rawTrailers":[],"redirects":[],"req":"[Circular]","responseUrl":"http://api-conveyer:3001/conveyor/calculation","socket":{"_events":{"close":[null,null]},"_eventsCount":7,"_hadError":false,"_host":"api-conveyer","_httpMessage":"[Circular]","_parent":null,"_pendingData":null,"_pendingEncoding":"","_readableState":{"autoDestroy":true,"awaitDrainWriters":null,"buffer":{"head":null,"length":0,"tail":null},"closeEmitted":false,"closed":false,"constructed":true,"dataEmitted":true,"decoder":null,"defaultEncoding":"utf8","destroyed":false,"emitClose":false,"emittedReadable":false,"encoding":null,"endEmitted":false,"ended":false,"errorEmitted":false,"errored":null,"flowing":true,"highWaterMark":16384,"length":0,"multiAwaitDrain":false,"needReadable":true,"objectMode":false,"pipes":[],"readableListening":false,"reading":true,"readingMore":false,"resumeScheduled":false,"sync":false},"_server":null,"_sockname":null,"_writableState":{"afterWriteTickInfo":null,"allBuffers":true,"allNoop":true,"autoDestroy":true,"bufferProcessing":false,"buffered":[],"bufferedIndex":0,"closeEmitted":false,"closed":false,"constructed":true,"corked":0,"decodeStrings":false,"defaultEncoding":"utf8","destroyed":false,"emitClose":false,"ended":true,"ending":true,"errorEmitted":false,"errored":null,"finalCalled":true,"finished":false,"highWaterMark":16384,"length":0,"needDrain":false,"objectMode":false,"pendingcb":1,"prefinished":false,"sync":false,"writecb":null,"writelen":0,"writing":false},"allowHalfOpen":false,"connecting":false,"parser":null,"server":null},"statusCode":400,"statusMessage":"Bad Request","upgrade":false,"url":""},"reusedSocket":false,"sendDate":false,"shouldKeepAlive":false,"socket":{"_events":{"close":[null,null]},"_eventsCount":7,"_hadError":false,"_host":"api-conveyer","_httpMessage":"[Circular]","_parent":null,"_pendingData":null,"_pendingEncoding":"","_readableState":{"autoDestroy":true,"awaitDrainWriters":null,"buffer":{"head":null,"length":0,"tail":null},"closeEmitted":false,"closed":false,"constructed":true,"dataEmitted":true,"decoder":null,"defaultEncoding":"utf8","destroyed":false,"emitClose":false,"emittedReadable":false,"encoding":null,"endEmitted":false,"ended":false,"errorEmitted":false,"errored":null,"flowing":true,"highWaterMark":16384,"length":0,"multiAwaitDrain":false,"needReadable":true,"objectMode":false,"pipes":[],"readableListening":false,"reading":true,"readingMore":false,"resumeScheduled":false,"sync":false},"_server":null,"_sockname":null,"_writableState":{"afterWriteTickInfo":null,"allBuffers":true,"allNoop":true,"autoDestroy":true,"bufferProcessing":false,"buffered":[],"bufferedIndex":0,"closeEmitted":false,"closed":false,"constructed":true,"corked":0,"decodeStrings":false,"defaultEncoding":"utf8","destroyed":false,"emitClose":false,"ended":true,"ending":true,"errorEmitted":false,"errored":null,"finalCalled":true,"finished":false,"highWaterMark":16384,"length":0,"needDrain":false,"objectMode":false,"pendingcb":1,"prefinished":false,"sync":false,"writecb":null,"writelen":0,"writing":false},"allowHalfOpen":false,"connecting":false,"parser":null,"server":null},"timeoutCb":null,"upgradeOrConnect":false,"useChunkedEncodingByDefault":true,"writable":true},"response":{"config":{"adapter":["xhr","http"],"data":"{\"amount\":50000,\"term\":12,\"firstName\":\"Michael\",\"lastName\":\"Fox\",\"middleName\":\"Michael\",\"birthdate\":\"1985-03-03T00:00:00.000Z\",\"passportSeries\":\"2222\",\"passportNumber\":\"123456\",\"gender\":\"MALE\",\"passportIssueDate\":\"2023-08-01\",\"passportIssueBranch\":\"12345678\",\"maritalStatus\":\"SINGLE\",\"dependentNumber\":2,\"employment\":{\"employmentStatus\":\"UNEMPLOYED\",\"employerINN\":\"123456789012\",\"salary\":50000,\"position\":\"WORKER\",\"workExperienceTotal\":15,\"workExperienceCurrent\":3},\"account\":\"1234567890123456\",\"isInsuranceEnabled\":false,\"isSalaryClient\":true}","env":{"Blob":null},"headers":{"Accept":"application/json, text/plain, */*","Accept-Encoding":"gzip, compress, deflate, br","Content-Length":"544","Content-Type":"application/json","User-Agent":"axios/1.4.0"},"maxBodyLength":-1,"maxContentLength":-1,"method":"post","timeout":0,"transformRequest":[null],"transformResponse":[null],"transitional":{"clarifyTimeoutError":false,"forcedJSONParsing":true,"silentJSONParsing":true},"url":"http://api-conveyer:3001/conveyor/calculation","xsrfCookieName":"XSRF-TOKEN","xsrfHeaderName":"X-XSRF-TOKEN"},"data":{"error":"Rejected: Applicant is unemployed."},"headers":{"connection":"close","content-length":"46","content-type":"application/json; charset=utf-8","date":"Fri, 11 Aug 2023 08:03:53 GMT","etag":"W/\"2e-Z2frCy2c/ObUg/YwWx+3l+XCHE4\"","x-powered-by":"Express"},"request":{"_closed":false,"_contentLength":null,"_defaultKeepAlive":true,"_ended":true,"_events":{},"_eventsCount":7,"_hasBody":true,"_header":"POST /conveyor/calculation HTTP/1.1\r\nAccept: application/json, text/plain, */*\r\nContent-Type: application/json\r\nUser-Agent: axios/1.4.0\r\nContent-Length: 544\r\nAccept-Encoding: gzip, compress, deflate, br\r\nHost: api-conveyer:3001\r\nConnection: close\r\n\r\n","_headerSent":true,"_keepAliveTimeout":0,"_last":true,"_redirectable":{"_currentRequest":"[Circular]","_currentUrl":"http://api-conveyer:3001/conveyor/calculation","_ended":true,"_ending":true,"_events":{},"_eventsCount":3,"_options":{"agents":{},"beforeRedirects":{},"headers":{"Accept":"application/json, text/plain, */*","Accept-Encoding":"gzip, compress, deflate, br","Content-Length":"544","Content-Type":"application/json","User-Agent":"axios/1.4.0"},"hostname":"api-conveyer","maxBodyLength":null,"maxRedirects":21,"method":"POST","nativeProtocols":{"http:":{"METHODS":["ACL","BIND","CHECKOUT","CONNECT","COPY","DELETE","GET","HEAD","LINK","LOCK","M-SEARCH","MERGE","MKACTIVITY","MKCALENDAR","MKCOL","MOVE","NOTIFY","OPTIONS","PATCH","POST","PROPFIND","PROPPATCH","PURGE","PUT","REBIND","REPORT","SEARCH","SOURCE","SUBSCRIBE","TRACE","UNBIND","UNLINK","UNLOCK","UNSUBSCRIBE"],"STATUS_CODES":{"100":"Continue","101":"Switching Protocols","102":"Processing","103":"Early Hints","200":"OK","201":"Created","202":"Accepted","203":"Non-Authoritative Information","204":"No Content","205":"Reset Content","206":"Partial Content","207":"Multi-Status","208":"Already Reported","226":"IM Used","300":"Multiple Choices","301":"Moved Permanently","302":"Found","303":"See Other","304":"Not Modified","305":"Use Proxy","307":"Temporary Redirect","308":"Permanent Redirect","400":"Bad Request","401":"Unauthorized","402":"Payment Required","403":"Forbidden","404":"Not Found","405":"Method Not Allowed","406":"Not Acceptable","407":"Proxy Authentication Required","408":"Request Timeout","409":"Conflict","410":"Gone","411":"Length Required","412":"Precondition Failed","413":"Payload Too Large","414":"URI Too Long","415":"Unsupported Media Type","416":"Range Not Satisfiable","417":"Expectation Failed","418":"I'm a Teapot","421":"Misdirected Request","422":"Unprocessable Entity","423":"Locked","424":"Failed Dependency","425":"Too Early","426":"Upgrade Required","428":"Precondition Required","429":"Too Many Requests","431":"Request Header Fields Too Large","451":"Unavailable For Legal Reasons","500":"Internal Server Error","501":"Not Implemented","502":"Bad Gateway","503":"Service Unavailable","504":"Gateway Timeout","505":"HTTP Version Not Supported","506":"Variant Also Negotiates","507":"Insufficient Storage","508":"Loop Detected","509":"Bandwidth Limit Exceeded","510":"Not Extended","511":"Network Authentication Required"},"globalAgent":{"_events":{},"_eventsCount":2,"defaultPort":80,"freeSockets":{},"keepAlive":false,"keepAliveMsecs":1000,"maxFreeSockets":256,"maxSockets":null,"maxTotalSockets":null,"options":{"path":null},"protocol":"http:","requests":{},"scheduling":"lifo","sockets":{"api-conveyer:3001:":[{"_events":{"close":[null,null]},"_eventsCount":7,"_hadError":false,"_host":"api-conveyer","_httpMessage":"[Circular]","_parent":null,"_pendingData":null,"_pendingEncoding":"","_readableState":{"autoDestroy":true,"awaitDrainWriters":null,"buffer":{"head":null,"length":0,"tail":null},"closeEmitted":false,"closed":false,"constructed":true,"dataEmitted":true,"decoder":null,"defaultEncoding":"utf8","destroyed":false,"emitClose":false,"emittedReadable":false,"encoding":null,"endEmitted":false,"ended":false,"errorEmitted":false,"errored":null,"flowing":true,"highWaterMark":16384,"length":0,"multiAwaitDrain":false,"needReadable":true,"objectMode":false,"pipes":[],"readableListening":false,"reading":true,"readingMore":false,"resumeScheduled":false,"sync":false},"_server":null,"_sockname":null,"_writableState":{"afterWriteTickInfo":null,"allBuffers":true,"allNoop":true,"autoDestroy":true,"bufferProcessing":false,"buffered":[],"bufferedIndex":0,"closeEmitted":false,"closed":false,"constructed":true,"corked":0,"decodeStrings":false,"defaultEncoding":"utf8","destroyed":false,"emitClose":false,"ended":true,"ending":true,"errorEmitted":false,"errored":null,"finalCalled":true,"finished":false,"highWaterMark":16384,"length":0,"needDrain":false,"objectMode":false,"pendingcb":1,"prefinished":false,"sync":false,"writecb":null,"writelen":0,"writing":false},"allowHalfOpen":false,"connecting":false,"parser":null,"server":null}]},"totalSocketCount":1},"maxHeaderSize":16384},"https:":{"globalAgent":{"_events":{},"_eventsCount":2,"_sessionCache":{"list":[],"map":{}},"defaultPort":443,"freeSockets":{},"keepAlive":false,"keepAliveMsecs":1000,"maxCachedSessions":100,"maxFreeSockets":256,"maxSockets":null,"maxTotalSockets":null,"options":{"path":null},"protocol":"https:","requests":{},"scheduling":"lifo","sockets":{},"totalSocketCount":0}}},"path":"/conveyor/calculation","pathname":"/conveyor/calculation","port":"3001","protocol":"http:"},"_redirectCount":0,"_redirects":[],"_requestBodyBuffers":[],"_requestBodyLength":544,"_writableState":{"afterWriteTickInfo":null,"allBuffers":true,"allNoop":true,"autoDestroy":true,"bufferProcessing":false,"buffered":[],"bufferedIndex":0,"closeEmitted":false,"closed":false,"constructed":true,"corked":0,"decodeStrings":true,"defaultEncoding":"utf8","destroyed":false,"emitClose":true,"ended":false,"ending":false,"errorEmitted":false,"errored":null,"finalCalled":false,"finished":false,"highWaterMark":16384,"length":0,"needDrain":false,"objectMode":false,"pendingcb":0,"prefinished":false,"sync":true,"writecb":null,"writelen":0,"writing":false}},"_removedConnection":false,"_removedContLen":false,"_removedTE":false,"_trailer":"","aborted":false,"agent":{"_events":{},"_eventsCount":2,"defaultPort":80,"freeSockets":{},"keepAlive":false,"keepAliveMsecs":1000,"maxFreeSockets":256,"maxSockets":null,"maxTotalSockets":null,"options":{"path":null},"protocol":"http:","requests":{},"scheduling":"lifo","sockets":{"api-conveyer:3001:":[{"_events":{"close":[null,null]},"_eventsCount":7,"_hadError":false,"_host":"api-conveyer","_httpMessage":"[Circular]","_parent":null,"_pendingData":null,"_pendingEncoding":"","_readableState":{"autoDestroy":true,"awaitDrainWriters":null,"buffer":{"head":null,"length":0,"tail":null},"closeEmitted":false,"closed":false,"constructed":true,"dataEmitted":true,"decoder":null,"defaultEncoding":"utf8","destroyed":false,"emitClose":false,"emittedReadable":false,"encoding":null,"endEmitted":false,"ended":false,"errorEmitted":false,"errored":null,"flowing":true,"highWaterMark":16384,"length":0,"multiAwaitDrain":false,"needReadable":true,"objectMode":false,"pipes":[],"readableListening":false,"reading":true,"readingMore":false,"resumeScheduled":false,"sync":false},"_server":null,"_sockname":null,"_writableState":{"afterWriteTickInfo":null,"allBuffers":true,"allNoop":true,"autoDestroy":true,"bufferProcessing":false,"buffered":[],"bufferedIndex":0,"closeEmitted":false,"closed":false,"constructed":true,"corked":0,"decodeStrings":false,"defaultEncoding":"utf8","destroyed":false,"emitClose":false,"ended":true,"ending":true,"errorEmitted":false,"errored":null,"finalCalled":true,"finished":false,"highWaterMark":16384,"length":0,"needDrain":false,"objectMode":false,"pendingcb":1,"prefinished":false,"sync":false,"writecb":null,"writelen":0,"writing":false},"allowHalfOpen":false,"connecting":false,"parser":null,"server":null}]},"totalSocketCount":1},"chunkedEncoding":false,"destroyed":false,"finished":true,"host":"api-conveyer","maxHeadersCount":null,"maxRequestsOnConnectionReached":false,"method":"POST","outputData":[],"outputSize":0,"parser":null,"path":"/conveyor/calculation","protocol":"http:","res":{"_consuming":false,"_dumped":false,"_events":{"end":[null,null]},"_eventsCount":4,"_readableState":{"autoDestroy":true,"awaitDrainWriters":null,"buffer":{"head":null,"length":0,"tail":null},"closeEmitted":true,"closed":true,"constructed":true,"dataEmitted":true,"decoder":null,"defaultEncoding":"utf8","destroyed":true,"emitClose":true,"emittedReadable":false,"encoding":null,"endEmitted":true,"ended":true,"errorEmitted":false,"errored":null,"flowing":true,"highWaterMark":16384,"length":0,"multiAwaitDrain":false,"needReadable":false,"objectMode":false,"pipes":[],"readableListening":false,"reading":false,"readingMore":true,"resumeScheduled":false,"sync":true},"aborted":false,"client":{"_events":{"close":[null,null]},"_eventsCount":7,"_hadError":false,"_host":"api-conveyer","_httpMessage":"[Circular]","_parent":null,"_pendingData":null,"_pendingEncoding":"","_readableState":{"autoDestroy":true,"awaitDrainWriters":null,"buffer":{"head":null,"length":0,"tail":null},"closeEmitted":false,"closed":false,"constructed":true,"dataEmitted":true,"decoder":null,"defaultEncoding":"utf8","destroyed":false,"emitClose":false,"emittedReadable":false,"encoding":null,"endEmitted":false,"ended":false,"errorEmitted":false,"errored":null,"flowing":true,"highWaterMark":16384,"length":0,"multiAwaitDrain":false,"needReadable":true,"objectMode":false,"pipes":[],"readableListening":false,"reading":true,"readingMore":false,"resumeScheduled":false,"sync":false},"_server":null,"_sockname":null,"_writableState":{"afterWriteTickInfo":null,"allBuffers":true,"allNoop":true,"autoDestroy":true,"bufferProcessing":false,"buffered":[],"bufferedIndex":0,"closeEmitted":false,"closed":false,"constructed":true,"corked":0,"decodeStrings":false,"defaultEncoding":"utf8","destroyed":false,"emitClose":false,"ended":true,"ending":true,"errorEmitted":false,"errored":null,"finalCalled":true,"finished":false,"highWaterMark":16384,"length":0,"needDrain":false,"objectMode":false,"pendingcb":1,"prefinished":false,"sync":false,"writecb":null,"writelen":0,"writing":false},"allowHalfOpen":false,"connecting":false,"parser":null,"server":null},"complete":true,"httpVersion":"1.1","httpVersionMajor":1,"httpVersionMinor":1,"method":null,"rawHeaders":["X-Powered-By","Express","Content-Type","application/json; charset=utf-8","Content-Length","46","ETag","W/\"2e-Z2frCy2c/ObUg/YwWx+3l+XCHE4\"","Date","Fri, 11 Aug 2023 08:03:53 GMT","Connection","close"],"rawTrailers":[],"redirects":[],"req":"[Circular]","responseUrl":"http://api-conveyer:3001/conveyor/calculation","socket":{"_events":{"close":[null,null]},"_eventsCount":7,"_hadError":false,"_host":"api-conveyer","_httpMessage":"[Circular]","_parent":null,"_pendingData":null,"_pendingEncoding":"","_readableState":{"autoDestroy":true,"awaitDrainWriters":null,"buffer":{"head":null,"length":0,"tail":null},"closeEmitted":false,"closed":false,"constructed":true,"dataEmitted":true,"decoder":null,"defaultEncoding":"utf8","destroyed":false,"emitClose":false,"emittedReadable":false,"encoding":null,"endEmitted":false,"ended":false,"errorEmitted":false,"errored":null,"flowing":true,"highWaterMark":16384,"length":0,"multiAwaitDrain":false,"needReadable":true,"objectMode":false,"pipes":[],"readableListening":false,"reading":true,"readingMore":false,"resumeScheduled":false,"sync":false},"_server":null,"_sockname":null,"_writableState":{"afterWriteTickInfo":null,"allBuffers":true,"allNoop":true,"autoDestroy":true,"bufferProcessing":false,"buffered":[],"bufferedIndex":0,"closeEmitted":false,"closed":false,"constructed":true,"corked":0,"decodeStrings":false,"defaultEncoding":"utf8","destroyed":false,"emitClose":false,"ended":true,"ending":true,"errorEmitted":false,"errored":null,"finalCalled":true,"finished":false,"highWaterMark":16384,"length":0,"needDrain":false,"objectMode":false,"pendingcb":1,"prefinished":false,"sync":false,"writecb":null,"writelen":0,"writing":false},"allowHalfOpen":false,"connecting":false,"parser":null,"server":null},"statusCode":400,"statusMessage":"Bad Request","upgrade":false,"url":""},"reusedSocket":false,"sendDate":false,"shouldKeepAlive":false,"socket":{"_events":{"close":[null,null]},"_eventsCount":7,"_hadError":false,"_host":"api-conveyer","_httpMessage":"[Circular]","_parent":null,"_pendingData":null,"_pendingEncoding":"","_readableState":{"autoDestroy":true,"awaitDrainWriters":null,"buffer":{"head":null,"length":0,"tail":null},"closeEmitted":false,"closed":false,"constructed":true,"dataEmitted":true,"decoder":null,"defaultEncoding":"utf8","destroyed":false,"emitClose":false,"emittedReadable":false,"encoding":null,"endEmitted":false,"ended":false,"errorEmitted":false,"errored":null,"flowing":true,"highWaterMark":16384,"length":0,"multiAwaitDrain":false,"needReadable":true,"objectMode":false,"pipes":[],"readableListening":false,"reading":true,"readingMore":false,"resumeScheduled":false,"sync":false},"_server":null,"_sockname":null,"_writableState":{"afterWriteTickInfo":null,"allBuffers":true,"allNoop":true,"autoDestroy":true,"bufferProcessing":false,"buffered":[],"bufferedIndex":0,"closeEmitted":false,"closed":false,"constructed":true,"corked":0,"decodeStrings":false,"defaultEncoding":"utf8","destroyed":false,"emitClose":false,"ended":true,"ending":true,"errorEmitted":false,"errored":null,"finalCalled":true,"finished":false,"highWaterMark":16384,"length":0,"needDrain":false,"objectMode":false,"pendingcb":1,"prefinished":false,"sync":false,"writecb":null,"writelen":0,"writing":false},"allowHalfOpen":false,"connecting":false,"parser":null,"server":null},"timeoutCb":null,"upgradeOrConnect":false,"useChunkedEncodingByDefault":true,"writable":true},"status":400,"statusText":"Bad Request"},"service":"user-service","stack":"AxiosError: Request failed with status code 400\n    at settle (file:///usr/src/app/node_modules/axios/lib/core/settle.js:19:12)\n    at IncomingMessage.handleStreamEnd (file:///usr/src/app/node_modules/axios/lib/adapters/http.js:570:11)\n    at IncomingMessage.emit (node:events:532:35)\n    at IncomingMessage.emit (node:domain:475:12)\n    at endReadableNT (node:internal/streams/readable:1346:12)\n    at processTicksAndRejections (node:internal/process/task_queues:83:21)"}
{"body":{"account":"1234567890123456","dependentNumber":2,"employment":{"employerINN":"123456789012","employmentStatus":"UNEMPLOYED","position":"WORKER","salary":50000,"workExperienceCurrent":3,"workExperienceTotal":15},"gender":"MALE","maritalStatus":"SINGLE","passportIssueBranch":"12345678","passportIssueDate":"2023-08-01"},"error":{"name":"ServerError","statusCode":500},"level":"error","message":"Error occurred during request to /calculate/28aa14c6-d72e-4c4c-b46a-7e93b2a6d46e: Scoring service unavailable.","query":{},"service":"user-service"}
{"level":"error","message":"Error occurred: Scoring service unavailable.","service":"user-service"}
